[2024-01-08T18:33:16+08:00][sql] CONNECT:[ UseTime:0.009719s ] mysql:host=127.0.0.1;port=3306;dbname=doukang_live;charset=utf8mb4
[2024-01-08T18:33:16+08:00][sql] SHOW FULL COLUMNS FROM `cmf_hook` [ RunTime:0.047481s ]
[2024-01-08T18:33:16+08:00][sql] SELECT `hook`,`id` FROM `cmf_hook` WHERE  (  (  `app` = '' OR `app` = 'cmf' )  AND `type` = 3 ) OR `type` = 1 [ RunTime:0.036020s ]
[2024-01-08T18:33:16+08:00][sql] SHOW FULL COLUMNS FROM `cmf_hook_plugin` [ RunTime:0.007584s ]
[2024-01-08T18:33:16+08:00][sql] SELECT `hook`,`plugin` FROM `cmf_hook_plugin` WHERE  `status` = 1  AND `hook` IN ('app_begin','module_init','action_begin','view_filter','app_end','log_write','response_end','admin_init','home_init','send_mobile_verification_code','body_start','before_head_end','footer_start','before_footer','before_footer_end','before_body_end','left_sidebar_start','before_left_sidebar_end','right_sidebar_start','before_right_sidebar_end','comment','guestbook','switch_theme','after_content','before_content','log_write_done','switch_admin_theme','captcha_image') ORDER BY `list_order` ASC [ RunTime:0.007902s ]
[2024-01-08T18:33:16+08:00][sql] SELECT `hook` FROM `cmf_hook` WHERE  `app` = 'admin' [ RunTime:0.002323s ]
[2024-01-08T18:33:16+08:00][sql] SELECT `hook`,`plugin` FROM `cmf_hook_plugin` WHERE  `status` = 1  AND `hook` IN ('admin_dashboard','admin_login','admin_theme_design_view','admin_setting_site_view','admin_setting_clear_cache_view','admin_nav_index_view','admin_link_index_view','admin_slide_index_view','admin_user_index_view','admin_rbac_index_view','admin_index_index_view','admin_recycle_bin_index_view','admin_menu_index_view','admin_custom_login_open','admin_slide_item_index_view','admin_slide_item_add_view','admin_slide_item_edit_view','admin_user_add_view','admin_user_edit_view','admin_rbac_role_add_view','admin_rbac_role_edit_view','admin_rbac_authorize_view') ORDER BY `list_order` ASC [ RunTime:0.001697s ]
[2024-01-08T18:33:16+08:00][sql] SHOW FULL COLUMNS FROM `cmf_option` [ RunTime:0.010000s ]
[2024-01-08T18:33:16+08:00][sql] SELECT `option_value` FROM `cmf_option` WHERE  `option_name` = 'cdn_settings' LIMIT 1 [ RunTime:0.008332s ]
[2024-01-08T18:33:16+08:00][sql] SELECT `option_value` FROM `cmf_option` WHERE  `option_name` = 'admin_settings' LIMIT 1 [ RunTime:0.001791s ]
[2024-01-08T18:33:16+08:00][sql] SELECT `option_value` FROM `cmf_option` WHERE  `option_name` = 'site_info' LIMIT 1 [ RunTime:0.001471s ]
[2024-01-08T18:33:25+08:00][sql] CONNECT:[ UseTime:0.003506s ] mysql:host=127.0.0.1;port=3306;dbname=doukang_live;charset=utf8mb4
[2024-01-08T18:33:25+08:00][sql] SHOW FULL COLUMNS FROM `cmf_hook` [ RunTime:0.009180s ]
[2024-01-08T18:33:25+08:00][sql] SELECT `hook`,`id` FROM `cmf_hook` WHERE  (  (  `app` = '' OR `app` = 'cmf' )  AND `type` = 3 ) OR `type` = 1 [ RunTime:0.003859s ]
[2024-01-08T18:33:25+08:00][sql] SHOW FULL COLUMNS FROM `cmf_hook_plugin` [ RunTime:0.012796s ]
[2024-01-08T18:33:25+08:00][sql] SELECT `hook`,`plugin` FROM `cmf_hook_plugin` WHERE  `status` = 1  AND `hook` IN ('app_begin','module_init','action_begin','view_filter','app_end','log_write','response_end','admin_init','home_init','send_mobile_verification_code','body_start','before_head_end','footer_start','before_footer','before_footer_end','before_body_end','left_sidebar_start','before_left_sidebar_end','right_sidebar_start','before_right_sidebar_end','comment','guestbook','switch_theme','after_content','before_content','log_write_done','switch_admin_theme','captcha_image') ORDER BY `list_order` ASC [ RunTime:0.003349s ]
[2024-01-08T18:33:25+08:00][sql] CONNECT:[ UseTime:0.007077s ] mysql:host=127.0.0.1;port=3306;dbname=doukang_live;charset=utf8mb4
[2024-01-08T18:33:25+08:00][sql] SHOW FULL COLUMNS FROM `cmf_hook` [ RunTime:0.010765s ]
[2024-01-08T18:33:25+08:00][sql] SELECT `hook`,`id` FROM `cmf_hook` WHERE  (  (  `app` = '' OR `app` = 'cmf' )  AND `type` = 3 ) OR `type` = 1 [ RunTime:0.009093s ]
[2024-01-08T18:33:25+08:00][sql] SHOW FULL COLUMNS FROM `cmf_hook_plugin` [ RunTime:0.006472s ]
[2024-01-08T18:33:25+08:00][sql] SELECT `hook`,`plugin` FROM `cmf_hook_plugin` WHERE  `status` = 1  AND `hook` IN ('app_begin','module_init','action_begin','view_filter','app_end','log_write','response_end','admin_init','home_init','send_mobile_verification_code','body_start','before_head_end','footer_start','before_footer','before_footer_end','before_body_end','left_sidebar_start','before_left_sidebar_end','right_sidebar_start','before_right_sidebar_end','comment','guestbook','switch_theme','after_content','before_content','log_write_done','switch_admin_theme','captcha_image') ORDER BY `list_order` ASC [ RunTime:0.004529s ]
[2024-01-08T18:34:13+08:00][sql] CONNECT:[ UseTime:0.016836s ] mysql:host=127.0.0.1;port=3306;dbname=doukang_live;charset=utf8mb4
[2024-01-08T18:34:13+08:00][sql] SHOW FULL COLUMNS FROM `cmf_hook` [ RunTime:0.020283s ]
[2024-01-08T18:34:13+08:00][sql] SELECT `hook`,`id` FROM `cmf_hook` WHERE  (  (  `app` = '' OR `app` = 'cmf' )  AND `type` = 3 ) OR `type` = 1 [ RunTime:0.002852s ]
[2024-01-08T18:34:13+08:00][sql] SHOW FULL COLUMNS FROM `cmf_hook_plugin` [ RunTime:0.006351s ]
[2024-01-08T18:34:13+08:00][sql] SELECT `hook`,`plugin` FROM `cmf_hook_plugin` WHERE  `status` = 1  AND `hook` IN ('app_begin','module_init','action_begin','view_filter','app_end','log_write','response_end','admin_init','home_init','send_mobile_verification_code','body_start','before_head_end','footer_start','before_footer','before_footer_end','before_body_end','left_sidebar_start','before_left_sidebar_end','right_sidebar_start','before_right_sidebar_end','comment','guestbook','switch_theme','after_content','before_content','log_write_done','switch_admin_theme','captcha_image') ORDER BY `list_order` ASC [ RunTime:0.002571s ]
[2024-01-08T18:34:37+08:00][sql] CONNECT:[ UseTime:0.017921s ] mysql:host=127.0.0.1;port=3306;dbname=doukang_live;charset=utf8mb4
[2024-01-08T18:34:37+08:00][sql] SHOW FULL COLUMNS FROM `cmf_hook` [ RunTime:0.009304s ]
[2024-01-08T18:34:37+08:00][sql] SELECT `hook`,`id` FROM `cmf_hook` WHERE  (  (  `app` = '' OR `app` = 'cmf' )  AND `type` = 3 ) OR `type` = 1 [ RunTime:0.002979s ]
[2024-01-08T18:34:37+08:00][sql] SHOW FULL COLUMNS FROM `cmf_hook_plugin` [ RunTime:0.006352s ]
[2024-01-08T18:34:37+08:00][sql] SELECT `hook`,`plugin` FROM `cmf_hook_plugin` WHERE  `status` = 1  AND `hook` IN ('app_begin','module_init','action_begin','view_filter','app_end','log_write','response_end','admin_init','home_init','send_mobile_verification_code','body_start','before_head_end','footer_start','before_footer','before_footer_end','before_body_end','left_sidebar_start','before_left_sidebar_end','right_sidebar_start','before_right_sidebar_end','comment','guestbook','switch_theme','after_content','before_content','log_write_done','switch_admin_theme','captcha_image') ORDER BY `list_order` ASC [ RunTime:0.002878s ]
[2024-01-08T18:34:37+08:00][sql] CONNECT:[ UseTime:0.005267s ] mysql:host=127.0.0.1;port=3306;dbname=doukang_live;charset=utf8mb4
[2024-01-08T18:34:37+08:00][sql] SHOW FULL COLUMNS FROM `cmf_hook` [ RunTime:0.009509s ]
[2024-01-08T18:34:37+08:00][sql] SELECT `hook`,`id` FROM `cmf_hook` WHERE  (  (  `app` = '' OR `app` = 'cmf' )  AND `type` = 3 ) OR `type` = 1 [ RunTime:0.002867s ]
[2024-01-08T18:34:37+08:00][sql] SHOW FULL COLUMNS FROM `cmf_hook_plugin` [ RunTime:0.006476s ]
[2024-01-08T18:34:37+08:00][sql] SELECT `hook`,`plugin` FROM `cmf_hook_plugin` WHERE  `status` = 1  AND `hook` IN ('app_begin','module_init','action_begin','view_filter','app_end','log_write','response_end','admin_init','home_init','send_mobile_verification_code','body_start','before_head_end','footer_start','before_footer','before_footer_end','before_body_end','left_sidebar_start','before_left_sidebar_end','right_sidebar_start','before_right_sidebar_end','comment','guestbook','switch_theme','after_content','before_content','log_write_done','switch_admin_theme','captcha_image') ORDER BY `list_order` ASC [ RunTime:0.003218s ]
[2024-01-08T18:38:38+08:00][sql] CONNECT:[ UseTime:0.011057s ] mysql:host=127.0.0.1;port=3306;dbname=doukang_live;charset=utf8mb4
[2024-01-08T18:38:38+08:00][sql] SHOW FULL COLUMNS FROM `cmf_hook` [ RunTime:0.020100s ]
[2024-01-08T18:38:38+08:00][sql] SELECT `hook`,`id` FROM `cmf_hook` WHERE  (  (  `app` = '' OR `app` = 'cmf' )  AND `type` = 3 ) OR `type` = 1 [ RunTime:0.002505s ]
[2024-01-08T18:38:38+08:00][sql] SHOW FULL COLUMNS FROM `cmf_hook_plugin` [ RunTime:0.005766s ]
[2024-01-08T18:38:38+08:00][sql] SELECT `hook`,`plugin` FROM `cmf_hook_plugin` WHERE  `status` = 1  AND `hook` IN ('app_begin','module_init','action_begin','view_filter','app_end','log_write','response_end','admin_init','home_init','send_mobile_verification_code','body_start','before_head_end','footer_start','before_footer','before_footer_end','before_body_end','left_sidebar_start','before_left_sidebar_end','right_sidebar_start','before_right_sidebar_end','comment','guestbook','switch_theme','after_content','before_content','log_write_done','switch_admin_theme','captcha_image') ORDER BY `list_order` ASC [ RunTime:0.002336s ]
[2024-01-08T18:39:26+08:00][sql] CONNECT:[ UseTime:0.012171s ] mysql:host=127.0.0.1;port=3306;dbname=doukang_live;charset=utf8mb4
[2024-01-08T18:39:26+08:00][sql] SHOW FULL COLUMNS FROM `cmf_hook` [ RunTime:0.024445s ]
[2024-01-08T18:39:26+08:00][sql] SELECT `hook`,`id` FROM `cmf_hook` WHERE  (  (  `app` = '' OR `app` = 'cmf' )  AND `type` = 3 ) OR `type` = 1 [ RunTime:0.003476s ]
[2024-01-08T18:39:26+08:00][sql] SHOW FULL COLUMNS FROM `cmf_hook_plugin` [ RunTime:0.006418s ]
[2024-01-08T18:39:26+08:00][sql] SELECT `hook`,`plugin` FROM `cmf_hook_plugin` WHERE  `status` = 1  AND `hook` IN ('app_begin','module_init','action_begin','view_filter','app_end','log_write','response_end','admin_init','home_init','send_mobile_verification_code','body_start','before_head_end','footer_start','before_footer','before_footer_end','before_body_end','left_sidebar_start','before_left_sidebar_end','right_sidebar_start','before_right_sidebar_end','comment','guestbook','switch_theme','after_content','before_content','log_write_done','switch_admin_theme','captcha_image') ORDER BY `list_order` ASC [ RunTime:0.002549s ]
[2024-01-08T18:39:26+08:00][sql] CONNECT:[ UseTime:0.009824s ] mysql:host=127.0.0.1;port=3306;dbname=doukang_live;charset=utf8mb4
[2024-01-08T18:39:26+08:00][sql] SHOW FULL COLUMNS FROM `cmf_hook` [ RunTime:0.023029s ]
[2024-01-08T18:39:26+08:00][sql] SELECT `hook`,`id` FROM `cmf_hook` WHERE  (  (  `app` = '' OR `app` = 'cmf' )  AND `type` = 3 ) OR `type` = 1 [ RunTime:0.003130s ]
[2024-01-08T18:39:26+08:00][sql] SHOW FULL COLUMNS FROM `cmf_hook_plugin` [ RunTime:0.006901s ]
[2024-01-08T18:39:26+08:00][sql] SELECT `hook`,`plugin` FROM `cmf_hook_plugin` WHERE  `status` = 1  AND `hook` IN ('app_begin','module_init','action_begin','view_filter','app_end','log_write','response_end','admin_init','home_init','send_mobile_verification_code','body_start','before_head_end','footer_start','before_footer','before_footer_end','before_body_end','left_sidebar_start','before_left_sidebar_end','right_sidebar_start','before_right_sidebar_end','comment','guestbook','switch_theme','after_content','before_content','log_write_done','switch_admin_theme','captcha_image') ORDER BY `list_order` ASC [ RunTime:0.002716s ]
