[2024-01-09T10:52:21+08:00][sql] CONNECT:[ UseTime:0.016177s ] mysql:host=127.0.0.1;port=3306;dbname=doukang_live;charset=utf8mb4
[2024-01-09T10:52:21+08:00][sql] SHOW FULL COLUMNS FROM `cmf_hook` [ RunTime:0.028008s ]
[2024-01-09T10:52:21+08:00][sql] SELECT `hook`,`id` FROM `cmf_hook` WHERE  (  (  `app` = '' OR `app` = 'cmf' )  AND `type` = 3 ) OR `type` = 1 [ RunTime:0.004378s ]
[2024-01-09T10:52:21+08:00][sql] SHOW FULL COLUMNS FROM `cmf_hook_plugin` [ RunTime:0.009284s ]
[2024-01-09T10:52:21+08:00][sql] SELECT `hook`,`plugin` FROM `cmf_hook_plugin` WHERE  `status` = 1  AND `hook` IN ('app_begin','module_init','action_begin','view_filter','app_end','log_write','response_end','admin_init','home_init','send_mobile_verification_code','body_start','before_head_end','footer_start','before_footer','before_footer_end','before_body_end','left_sidebar_start','before_left_sidebar_end','right_sidebar_start','before_right_sidebar_end','comment','guestbook','switch_theme','after_content','before_content','log_write_done','switch_admin_theme','captcha_image') ORDER BY `list_order` ASC [ RunTime:0.003428s ]
[2024-01-09T10:52:21+08:00][sql] CONNECT:[ UseTime:0.009772s ] mysql:host=127.0.0.1;port=3306;dbname=doukang_live;charset=utf8mb4
[2024-01-09T10:52:21+08:00][sql] SHOW FULL COLUMNS FROM `cmf_hook` [ RunTime:0.022618s ]
[2024-01-09T10:52:21+08:00][sql] SELECT `hook`,`id` FROM `cmf_hook` WHERE  (  (  `app` = '' OR `app` = 'cmf' )  AND `type` = 3 ) OR `type` = 1 [ RunTime:0.004015s ]
[2024-01-09T10:52:21+08:00][sql] SHOW FULL COLUMNS FROM `cmf_hook_plugin` [ RunTime:0.010652s ]
[2024-01-09T10:52:21+08:00][sql] SELECT `hook`,`plugin` FROM `cmf_hook_plugin` WHERE  `status` = 1  AND `hook` IN ('app_begin','module_init','action_begin','view_filter','app_end','log_write','response_end','admin_init','home_init','send_mobile_verification_code','body_start','before_head_end','footer_start','before_footer','before_footer_end','before_body_end','left_sidebar_start','before_left_sidebar_end','right_sidebar_start','before_right_sidebar_end','comment','guestbook','switch_theme','after_content','before_content','log_write_done','switch_admin_theme','captcha_image') ORDER BY `list_order` ASC [ RunTime:0.004296s ]
[2024-01-09T10:53:12+08:00][sql] CONNECT:[ UseTime:0.018244s ] mysql:host=127.0.0.1;port=3306;dbname=doukang_live;charset=utf8mb4
[2024-01-09T10:53:12+08:00][sql] SHOW FULL COLUMNS FROM `cmf_hook` [ RunTime:0.018565s ]
[2024-01-09T10:53:12+08:00][sql] SELECT `hook`,`id` FROM `cmf_hook` WHERE  (  (  `app` = '' OR `app` = 'cmf' )  AND `type` = 3 ) OR `type` = 1 [ RunTime:0.002811s ]
[2024-01-09T10:53:12+08:00][sql] SHOW FULL COLUMNS FROM `cmf_hook_plugin` [ RunTime:0.006604s ]
[2024-01-09T10:53:12+08:00][sql] SELECT `hook`,`plugin` FROM `cmf_hook_plugin` WHERE  `status` = 1  AND `hook` IN ('app_begin','module_init','action_begin','view_filter','app_end','log_write','response_end','admin_init','home_init','send_mobile_verification_code','body_start','before_head_end','footer_start','before_footer','before_footer_end','before_body_end','left_sidebar_start','before_left_sidebar_end','right_sidebar_start','before_right_sidebar_end','comment','guestbook','switch_theme','after_content','before_content','log_write_done','switch_admin_theme','captcha_image') ORDER BY `list_order` ASC [ RunTime:0.002395s ]
[2024-01-09T10:53:12+08:00][sql] CONNECT:[ UseTime:0.011334s ] mysql:host=127.0.0.1;port=3306;dbname=doukang_live;charset=utf8mb4
[2024-01-09T10:53:12+08:00][sql] SHOW FULL COLUMNS FROM `cmf_hook` [ RunTime:0.021128s ]
[2024-01-09T10:53:12+08:00][sql] SELECT `hook`,`id` FROM `cmf_hook` WHERE  (  (  `app` = '' OR `app` = 'cmf' )  AND `type` = 3 ) OR `type` = 1 [ RunTime:0.004979s ]
[2024-01-09T10:53:12+08:00][sql] SHOW FULL COLUMNS FROM `cmf_hook_plugin` [ RunTime:0.012298s ]
[2024-01-09T10:53:12+08:00][sql] SELECT `hook`,`plugin` FROM `cmf_hook_plugin` WHERE  `status` = 1  AND `hook` IN ('app_begin','module_init','action_begin','view_filter','app_end','log_write','response_end','admin_init','home_init','send_mobile_verification_code','body_start','before_head_end','footer_start','before_footer','before_footer_end','before_body_end','left_sidebar_start','before_left_sidebar_end','right_sidebar_start','before_right_sidebar_end','comment','guestbook','switch_theme','after_content','before_content','log_write_done','switch_admin_theme','captcha_image') ORDER BY `list_order` ASC [ RunTime:0.004491s ]
[2024-01-09T10:53:29+08:00][sql] CONNECT:[ UseTime:0.016652s ] mysql:host=127.0.0.1;port=3306;dbname=doukang_live;charset=utf8mb4
[2024-01-09T10:53:29+08:00][sql] SHOW FULL COLUMNS FROM `cmf_hook` [ RunTime:0.019082s ]
[2024-01-09T10:53:29+08:00][sql] SELECT `hook`,`id` FROM `cmf_hook` WHERE  (  (  `app` = '' OR `app` = 'cmf' )  AND `type` = 3 ) OR `type` = 1 [ RunTime:0.006684s ]
[2024-01-09T10:53:29+08:00][sql] SHOW FULL COLUMNS FROM `cmf_hook_plugin` [ RunTime:0.014625s ]
[2024-01-09T10:53:29+08:00][sql] SELECT `hook`,`plugin` FROM `cmf_hook_plugin` WHERE  `status` = 1  AND `hook` IN ('app_begin','module_init','action_begin','view_filter','app_end','log_write','response_end','admin_init','home_init','send_mobile_verification_code','body_start','before_head_end','footer_start','before_footer','before_footer_end','before_body_end','left_sidebar_start','before_left_sidebar_end','right_sidebar_start','before_right_sidebar_end','comment','guestbook','switch_theme','after_content','before_content','log_write_done','switch_admin_theme','captcha_image') ORDER BY `list_order` ASC [ RunTime:0.005092s ]
[2024-01-09T10:53:29+08:00][sql] CONNECT:[ UseTime:0.003102s ] mysql:host=127.0.0.1;port=3306;dbname=doukang_live;charset=utf8mb4
[2024-01-09T10:53:29+08:00][sql] SHOW FULL COLUMNS FROM `cmf_hook` [ RunTime:0.011767s ]
[2024-01-09T10:53:29+08:00][sql] SELECT `hook`,`id` FROM `cmf_hook` WHERE  (  (  `app` = '' OR `app` = 'cmf' )  AND `type` = 3 ) OR `type` = 1 [ RunTime:0.003085s ]
[2024-01-09T10:53:29+08:00][sql] SHOW FULL COLUMNS FROM `cmf_hook_plugin` [ RunTime:0.007642s ]
[2024-01-09T10:53:29+08:00][sql] SELECT `hook`,`plugin` FROM `cmf_hook_plugin` WHERE  `status` = 1  AND `hook` IN ('app_begin','module_init','action_begin','view_filter','app_end','log_write','response_end','admin_init','home_init','send_mobile_verification_code','body_start','before_head_end','footer_start','before_footer','before_footer_end','before_body_end','left_sidebar_start','before_left_sidebar_end','right_sidebar_start','before_right_sidebar_end','comment','guestbook','switch_theme','after_content','before_content','log_write_done','switch_admin_theme','captcha_image') ORDER BY `list_order` ASC [ RunTime:0.002788s ]
[2024-01-09T10:55:14+08:00][sql] CONNECT:[ UseTime:0.024339s ] mysql:host=127.0.0.1;port=3306;dbname=doukang_live;charset=utf8mb4
[2024-01-09T10:55:14+08:00][sql] SHOW FULL COLUMNS FROM `cmf_hook` [ RunTime:0.027826s ]
[2024-01-09T10:55:14+08:00][sql] SELECT `hook`,`id` FROM `cmf_hook` WHERE  (  (  `app` = '' OR `app` = 'cmf' )  AND `type` = 3 ) OR `type` = 1 [ RunTime:0.005623s ]
[2024-01-09T10:55:14+08:00][sql] SHOW FULL COLUMNS FROM `cmf_hook_plugin` [ RunTime:0.011854s ]
[2024-01-09T10:55:14+08:00][sql] SELECT `hook`,`plugin` FROM `cmf_hook_plugin` WHERE  `status` = 1  AND `hook` IN ('app_begin','module_init','action_begin','view_filter','app_end','log_write','response_end','admin_init','home_init','send_mobile_verification_code','body_start','before_head_end','footer_start','before_footer','before_footer_end','before_body_end','left_sidebar_start','before_left_sidebar_end','right_sidebar_start','before_right_sidebar_end','comment','guestbook','switch_theme','after_content','before_content','log_write_done','switch_admin_theme','captcha_image') ORDER BY `list_order` ASC [ RunTime:0.005847s ]
[2024-01-09T10:55:14+08:00][sql] SELECT `hook` FROM `cmf_hook` WHERE  `app` = 'appapi' [ RunTime:0.004666s ]
[2024-01-09T10:55:14+08:00][sql] SELECT `hook`,`plugin` FROM `cmf_hook_plugin` WHERE  `status` = 1  AND 0 = 1 ORDER BY `list_order` ASC [ RunTime:0.004378s ]
[2024-01-09T11:11:29+08:00][sql] CONNECT:[ UseTime:0.016804s ] mysql:host=127.0.0.1;port=3306;dbname=doukang_live;charset=utf8mb4
[2024-01-09T11:11:29+08:00][sql] SHOW FULL COLUMNS FROM `cmf_hook` [ RunTime:0.025840s ]
[2024-01-09T11:11:29+08:00][sql] SELECT `hook`,`id` FROM `cmf_hook` WHERE  (  (  `app` = '' OR `app` = 'cmf' )  AND `type` = 3 ) OR `type` = 1 [ RunTime:0.004110s ]
[2024-01-09T11:11:29+08:00][sql] SHOW FULL COLUMNS FROM `cmf_hook_plugin` [ RunTime:0.009111s ]
[2024-01-09T11:11:29+08:00][sql] SELECT `hook`,`plugin` FROM `cmf_hook_plugin` WHERE  `status` = 1  AND `hook` IN ('app_begin','module_init','action_begin','view_filter','app_end','log_write','response_end','admin_init','home_init','send_mobile_verification_code','body_start','before_head_end','footer_start','before_footer','before_footer_end','before_body_end','left_sidebar_start','before_left_sidebar_end','right_sidebar_start','before_right_sidebar_end','comment','guestbook','switch_theme','after_content','before_content','log_write_done','switch_admin_theme','captcha_image') ORDER BY `list_order` ASC [ RunTime:0.004686s ]
[2024-01-09T11:11:29+08:00][sql] SELECT `hook` FROM `cmf_hook` WHERE  `app` = 'portal' [ RunTime:0.002661s ]
[2024-01-09T11:11:29+08:00][sql] SELECT `hook`,`plugin` FROM `cmf_hook_plugin` WHERE  `status` = 1  AND 0 = 1 ORDER BY `list_order` ASC [ RunTime:0.001632s ]
[2024-01-09T11:11:29+08:00][sql] SHOW FULL COLUMNS FROM `cmf_option` [ RunTime:0.006520s ]
[2024-01-09T11:11:29+08:00][sql] SELECT `option_value` FROM `cmf_option` WHERE  ( option_name='site_info' ) LIMIT 1 [ RunTime:0.002455s ]
[2024-01-09T11:11:29+08:00][sql] SHOW FULL COLUMNS FROM `cmf_level` [ RunTime:0.010029s ]
[2024-01-09T11:11:29+08:00][sql] SELECT * FROM `cmf_level` ORDER BY `level_up` ASC [ RunTime:0.017276s ]
[2024-01-09T11:11:29+08:00][sql] SELECT `option_value` FROM `cmf_option` WHERE  `option_name` = 'storage' LIMIT 1 [ RunTime:0.001989s ]
[2024-01-09T11:11:29+08:00][sql] SHOW FULL COLUMNS FROM `cmf_plugin` [ RunTime:0.010309s ]
[2024-01-09T11:11:29+08:00][sql] SELECT `config` FROM `cmf_plugin` WHERE  `name` = 'Qiniu' LIMIT 1 [ RunTime:0.005991s ]
[2024-01-09T11:11:29+08:00][sql] SHOW FULL COLUMNS FROM `cmf_level_anchor` [ RunTime:0.010487s ]
[2024-01-09T11:11:29+08:00][sql] SELECT * FROM `cmf_level_anchor` ORDER BY `level_up` ASC [ RunTime:0.008673s ]
[2024-01-09T11:11:29+08:00][sql] SHOW FULL COLUMNS FROM `cmf_live_class` [ RunTime:0.011715s ]
[2024-01-09T11:11:29+08:00][sql] SELECT * FROM `cmf_live_class` ORDER BY `list_order` ASC,`id` DESC [ RunTime:0.008902s ]
[2024-01-09T11:11:29+08:00][sql] SHOW FULL COLUMNS FROM `cmf_theme_file` [ RunTime:0.009572s ]
[2024-01-09T11:11:29+08:00][sql] SELECT `more` FROM `cmf_theme_file` WHERE  `theme` = 'default'  AND (  `is_public` = 1 OR `file` = '../portal/index' ) [ RunTime:0.006342s ]
[2024-01-09T11:11:34+08:00][sql] CONNECT:[ UseTime:0.010548s ] mysql:host=127.0.0.1;port=3306;dbname=doukang_live;charset=utf8mb4
[2024-01-09T11:11:34+08:00][sql] SHOW FULL COLUMNS FROM `cmf_hook` [ RunTime:0.023698s ]
[2024-01-09T11:11:34+08:00][sql] SELECT `hook`,`id` FROM `cmf_hook` WHERE  (  (  `app` = '' OR `app` = 'cmf' )  AND `type` = 3 ) OR `type` = 1 [ RunTime:0.003851s ]
[2024-01-09T11:11:34+08:00][sql] SHOW FULL COLUMNS FROM `cmf_hook_plugin` [ RunTime:0.008792s ]
[2024-01-09T11:11:34+08:00][sql] SELECT `hook`,`plugin` FROM `cmf_hook_plugin` WHERE  `status` = 1  AND `hook` IN ('app_begin','module_init','action_begin','view_filter','app_end','log_write','response_end','admin_init','home_init','send_mobile_verification_code','body_start','before_head_end','footer_start','before_footer','before_footer_end','before_body_end','left_sidebar_start','before_left_sidebar_end','right_sidebar_start','before_right_sidebar_end','comment','guestbook','switch_theme','after_content','before_content','log_write_done','switch_admin_theme','captcha_image') ORDER BY `list_order` ASC [ RunTime:0.003838s ]
[2024-01-09T11:11:34+08:00][sql] CONNECT:[ UseTime:0.013273s ] mysql:host=127.0.0.1;port=3306;dbname=doukang_live;charset=utf8mb4
[2024-01-09T11:11:34+08:00][sql] SHOW FULL COLUMNS FROM `cmf_hook` [ RunTime:0.021182s ]
[2024-01-09T11:11:34+08:00][sql] SELECT `hook`,`id` FROM `cmf_hook` WHERE  (  (  `app` = '' OR `app` = 'cmf' )  AND `type` = 3 ) OR `type` = 1 [ RunTime:0.004190s ]
[2024-01-09T11:11:34+08:00][sql] SHOW FULL COLUMNS FROM `cmf_hook_plugin` [ RunTime:0.011360s ]
[2024-01-09T11:11:34+08:00][sql] SELECT `hook`,`plugin` FROM `cmf_hook_plugin` WHERE  `status` = 1  AND `hook` IN ('app_begin','module_init','action_begin','view_filter','app_end','log_write','response_end','admin_init','home_init','send_mobile_verification_code','body_start','before_head_end','footer_start','before_footer','before_footer_end','before_body_end','left_sidebar_start','before_left_sidebar_end','right_sidebar_start','before_right_sidebar_end','comment','guestbook','switch_theme','after_content','before_content','log_write_done','switch_admin_theme','captcha_image') ORDER BY `list_order` ASC [ RunTime:0.004028s ]
[2024-01-09T11:26:03+08:00][sql] CONNECT:[ UseTime:0.013234s ] mysql:host=127.0.0.1;port=3306;dbname=doukang_live;charset=utf8mb4
[2024-01-09T11:26:03+08:00][sql] SHOW FULL COLUMNS FROM `cmf_hook` [ RunTime:0.024293s ]
[2024-01-09T11:26:03+08:00][sql] SELECT `hook`,`id` FROM `cmf_hook` WHERE  (  (  `app` = '' OR `app` = 'cmf' )  AND `type` = 3 ) OR `type` = 1 [ RunTime:0.003223s ]
[2024-01-09T11:26:03+08:00][sql] SHOW FULL COLUMNS FROM `cmf_hook_plugin` [ RunTime:0.008230s ]
[2024-01-09T11:26:03+08:00][sql] SELECT `hook`,`plugin` FROM `cmf_hook_plugin` WHERE  `status` = 1  AND `hook` IN ('app_begin','module_init','action_begin','view_filter','app_end','log_write','response_end','admin_init','home_init','send_mobile_verification_code','body_start','before_head_end','footer_start','before_footer','before_footer_end','before_body_end','left_sidebar_start','before_left_sidebar_end','right_sidebar_start','before_right_sidebar_end','comment','guestbook','switch_theme','after_content','before_content','log_write_done','switch_admin_theme','captcha_image') ORDER BY `list_order` ASC [ RunTime:0.003115s ]
[2024-01-09T11:26:03+08:00][sql] SHOW FULL COLUMNS FROM `cmf_plugin` [ RunTime:0.008011s ]
[2024-01-09T11:26:03+08:00][sql] SELECT `config` FROM `cmf_plugin` WHERE  `name` = 'Qiniu' LIMIT 1 [ RunTime:0.001908s ]
[2024-01-09T11:26:03+08:00][sql] SHOW FULL COLUMNS FROM `cmf_theme_file` [ RunTime:0.006587s ]
[2024-01-09T11:26:03+08:00][sql] SELECT `more` FROM `cmf_theme_file` WHERE  `theme` = 'default'  AND (  `is_public` = 1 OR `file` = '../portal/index' ) [ RunTime:0.001792s ]
[2024-01-09T11:28:32+08:00][sql] CONNECT:[ UseTime:0.017901s ] mysql:host=127.0.0.1;port=3306;dbname=doukang_live;charset=utf8mb4
[2024-01-09T11:28:32+08:00][sql] SHOW FULL COLUMNS FROM `cmf_hook` [ RunTime:0.024712s ]
[2024-01-09T11:28:32+08:00][sql] SELECT `hook`,`id` FROM `cmf_hook` WHERE  (  (  `app` = '' OR `app` = 'cmf' )  AND `type` = 3 ) OR `type` = 1 [ RunTime:0.003799s ]
[2024-01-09T11:28:32+08:00][sql] SHOW FULL COLUMNS FROM `cmf_hook_plugin` [ RunTime:0.008069s ]
[2024-01-09T11:28:32+08:00][sql] SELECT `hook`,`plugin` FROM `cmf_hook_plugin` WHERE  `status` = 1  AND `hook` IN ('app_begin','module_init','action_begin','view_filter','app_end','log_write','response_end','admin_init','home_init','send_mobile_verification_code','body_start','before_head_end','footer_start','before_footer','before_footer_end','before_body_end','left_sidebar_start','before_left_sidebar_end','right_sidebar_start','before_right_sidebar_end','comment','guestbook','switch_theme','after_content','before_content','log_write_done','switch_admin_theme','captcha_image') ORDER BY `list_order` ASC [ RunTime:0.002813s ]
[2024-01-09T11:28:33+08:00][sql] CONNECT:[ UseTime:0.014091s ] mysql:host=127.0.0.1;port=3306;dbname=doukang_live;charset=utf8mb4
[2024-01-09T11:28:33+08:00][sql] SHOW FULL COLUMNS FROM `cmf_hook` [ RunTime:0.028273s ]
[2024-01-09T11:28:33+08:00][sql] SELECT `hook`,`id` FROM `cmf_hook` WHERE  (  (  `app` = '' OR `app` = 'cmf' )  AND `type` = 3 ) OR `type` = 1 [ RunTime:0.008491s ]
[2024-01-09T11:28:33+08:00][sql] SHOW FULL COLUMNS FROM `cmf_hook_plugin` [ RunTime:0.012968s ]
[2024-01-09T11:28:33+08:00][sql] SELECT `hook`,`plugin` FROM `cmf_hook_plugin` WHERE  `status` = 1  AND `hook` IN ('app_begin','module_init','action_begin','view_filter','app_end','log_write','response_end','admin_init','home_init','send_mobile_verification_code','body_start','before_head_end','footer_start','before_footer','before_footer_end','before_body_end','left_sidebar_start','before_left_sidebar_end','right_sidebar_start','before_right_sidebar_end','comment','guestbook','switch_theme','after_content','before_content','log_write_done','switch_admin_theme','captcha_image') ORDER BY `list_order` ASC [ RunTime:0.004538s ]
[2024-01-09T11:34:58+08:00][sql] CONNECT:[ UseTime:0.026327s ] mysql:host=127.0.0.1;port=3306;dbname=doukang_live;charset=utf8mb4
[2024-01-09T11:34:58+08:00][sql] SHOW FULL COLUMNS FROM `cmf_hook` [ RunTime:0.020579s ]
[2024-01-09T11:34:58+08:00][sql] SELECT `hook`,`id` FROM `cmf_hook` WHERE  (  (  `app` = '' OR `app` = 'cmf' )  AND `type` = 3 ) OR `type` = 1 [ RunTime:0.003677s ]
[2024-01-09T11:34:58+08:00][sql] SHOW FULL COLUMNS FROM `cmf_hook_plugin` [ RunTime:0.008646s ]
[2024-01-09T11:34:58+08:00][sql] SELECT `hook`,`plugin` FROM `cmf_hook_plugin` WHERE  `status` = 1  AND `hook` IN ('app_begin','module_init','action_begin','view_filter','app_end','log_write','response_end','admin_init','home_init','send_mobile_verification_code','body_start','before_head_end','footer_start','before_footer','before_footer_end','before_body_end','left_sidebar_start','before_left_sidebar_end','right_sidebar_start','before_right_sidebar_end','comment','guestbook','switch_theme','after_content','before_content','log_write_done','switch_admin_theme','captcha_image') ORDER BY `list_order` ASC [ RunTime:0.003053s ]
[2024-01-09T11:34:59+08:00][sql] CONNECT:[ UseTime:0.007941s ] mysql:host=127.0.0.1;port=3306;dbname=doukang_live;charset=utf8mb4
[2024-01-09T11:34:59+08:00][sql] SHOW FULL COLUMNS FROM `cmf_hook` [ RunTime:0.020919s ]
[2024-01-09T11:34:59+08:00][sql] SELECT `hook`,`id` FROM `cmf_hook` WHERE  (  (  `app` = '' OR `app` = 'cmf' )  AND `type` = 3 ) OR `type` = 1 [ RunTime:0.008166s ]
[2024-01-09T11:34:59+08:00][sql] SHOW FULL COLUMNS FROM `cmf_hook_plugin` [ RunTime:0.011929s ]
[2024-01-09T11:34:59+08:00][sql] SELECT `hook`,`plugin` FROM `cmf_hook_plugin` WHERE  `status` = 1  AND `hook` IN ('app_begin','module_init','action_begin','view_filter','app_end','log_write','response_end','admin_init','home_init','send_mobile_verification_code','body_start','before_head_end','footer_start','before_footer','before_footer_end','before_body_end','left_sidebar_start','before_left_sidebar_end','right_sidebar_start','before_right_sidebar_end','comment','guestbook','switch_theme','after_content','before_content','log_write_done','switch_admin_theme','captcha_image') ORDER BY `list_order` ASC [ RunTime:0.004536s ]
[2024-01-09T11:37:46+08:00][sql] CONNECT:[ UseTime:0.014440s ] mysql:host=127.0.0.1;port=3306;dbname=doukang_live;charset=utf8mb4
[2024-01-09T11:37:46+08:00][sql] SHOW FULL COLUMNS FROM `cmf_hook` [ RunTime:0.030374s ]
[2024-01-09T11:37:46+08:00][sql] SELECT `hook`,`id` FROM `cmf_hook` WHERE  (  (  `app` = '' OR `app` = 'cmf' )  AND `type` = 3 ) OR `type` = 1 [ RunTime:0.005300s ]
[2024-01-09T11:37:46+08:00][sql] SHOW FULL COLUMNS FROM `cmf_hook_plugin` [ RunTime:0.010902s ]
[2024-01-09T11:37:46+08:00][sql] SELECT `hook`,`plugin` FROM `cmf_hook_plugin` WHERE  `status` = 1  AND `hook` IN ('app_begin','module_init','action_begin','view_filter','app_end','log_write','response_end','admin_init','home_init','send_mobile_verification_code','body_start','before_head_end','footer_start','before_footer','before_footer_end','before_body_end','left_sidebar_start','before_left_sidebar_end','right_sidebar_start','before_right_sidebar_end','comment','guestbook','switch_theme','after_content','before_content','log_write_done','switch_admin_theme','captcha_image') ORDER BY `list_order` ASC [ RunTime:0.004519s ]
[2024-01-09T11:37:47+08:00][sql] CONNECT:[ UseTime:0.019267s ] mysql:host=127.0.0.1;port=3306;dbname=doukang_live;charset=utf8mb4
[2024-01-09T11:37:47+08:00][sql] SHOW FULL COLUMNS FROM `cmf_hook` [ RunTime:0.025136s ]
[2024-01-09T11:37:47+08:00][sql] SELECT `hook`,`id` FROM `cmf_hook` WHERE  (  (  `app` = '' OR `app` = 'cmf' )  AND `type` = 3 ) OR `type` = 1 [ RunTime:0.005610s ]
[2024-01-09T11:37:47+08:00][sql] SHOW FULL COLUMNS FROM `cmf_hook_plugin` [ RunTime:0.015592s ]
[2024-01-09T11:37:47+08:00][sql] SELECT `hook`,`plugin` FROM `cmf_hook_plugin` WHERE  `status` = 1  AND `hook` IN ('app_begin','module_init','action_begin','view_filter','app_end','log_write','response_end','admin_init','home_init','send_mobile_verification_code','body_start','before_head_end','footer_start','before_footer','before_footer_end','before_body_end','left_sidebar_start','before_left_sidebar_end','right_sidebar_start','before_right_sidebar_end','comment','guestbook','switch_theme','after_content','before_content','log_write_done','switch_admin_theme','captcha_image') ORDER BY `list_order` ASC [ RunTime:0.008655s ]
[2024-01-09T11:38:16+08:00][sql] CONNECT:[ UseTime:0.015383s ] mysql:host=127.0.0.1;port=3306;dbname=doukang_live;charset=utf8mb4
[2024-01-09T11:38:16+08:00][sql] SHOW FULL COLUMNS FROM `cmf_hook` [ RunTime:0.014378s ]
[2024-01-09T11:38:16+08:00][sql] SELECT `hook`,`id` FROM `cmf_hook` WHERE  (  (  `app` = '' OR `app` = 'cmf' )  AND `type` = 3 ) OR `type` = 1 [ RunTime:0.002923s ]
[2024-01-09T11:38:16+08:00][sql] SHOW FULL COLUMNS FROM `cmf_hook_plugin` [ RunTime:0.007851s ]
[2024-01-09T11:38:16+08:00][sql] SELECT `hook`,`plugin` FROM `cmf_hook_plugin` WHERE  `status` = 1  AND `hook` IN ('app_begin','module_init','action_begin','view_filter','app_end','log_write','response_end','admin_init','home_init','send_mobile_verification_code','body_start','before_head_end','footer_start','before_footer','before_footer_end','before_body_end','left_sidebar_start','before_left_sidebar_end','right_sidebar_start','before_right_sidebar_end','comment','guestbook','switch_theme','after_content','before_content','log_write_done','switch_admin_theme','captcha_image') ORDER BY `list_order` ASC [ RunTime:0.003271s ]
[2024-01-09T11:38:17+08:00][sql] CONNECT:[ UseTime:0.009499s ] mysql:host=127.0.0.1;port=3306;dbname=doukang_live;charset=utf8mb4
[2024-01-09T11:38:17+08:00][sql] SHOW FULL COLUMNS FROM `cmf_hook` [ RunTime:0.027670s ]
[2024-01-09T11:38:17+08:00][sql] SELECT `hook`,`id` FROM `cmf_hook` WHERE  (  (  `app` = '' OR `app` = 'cmf' )  AND `type` = 3 ) OR `type` = 1 [ RunTime:0.004145s ]
[2024-01-09T11:38:17+08:00][sql] SHOW FULL COLUMNS FROM `cmf_hook_plugin` [ RunTime:0.009258s ]
[2024-01-09T11:38:17+08:00][sql] SELECT `hook`,`plugin` FROM `cmf_hook_plugin` WHERE  `status` = 1  AND `hook` IN ('app_begin','module_init','action_begin','view_filter','app_end','log_write','response_end','admin_init','home_init','send_mobile_verification_code','body_start','before_head_end','footer_start','before_footer','before_footer_end','before_body_end','left_sidebar_start','before_left_sidebar_end','right_sidebar_start','before_right_sidebar_end','comment','guestbook','switch_theme','after_content','before_content','log_write_done','switch_admin_theme','captcha_image') ORDER BY `list_order` ASC [ RunTime:0.003581s ]
[2024-01-09T11:38:45+08:00][sql] CONNECT:[ UseTime:0.015104s ] mysql:host=127.0.0.1;port=3306;dbname=doukang_live;charset=utf8mb4
[2024-01-09T11:38:45+08:00][sql] SHOW FULL COLUMNS FROM `cmf_hook` [ RunTime:0.014138s ]
[2024-01-09T11:38:45+08:00][sql] SELECT `hook`,`id` FROM `cmf_hook` WHERE  (  (  `app` = '' OR `app` = 'cmf' )  AND `type` = 3 ) OR `type` = 1 [ RunTime:0.003286s ]
[2024-01-09T11:38:45+08:00][sql] SHOW FULL COLUMNS FROM `cmf_hook_plugin` [ RunTime:0.007524s ]
[2024-01-09T11:38:45+08:00][sql] SELECT `hook`,`plugin` FROM `cmf_hook_plugin` WHERE  `status` = 1  AND `hook` IN ('app_begin','module_init','action_begin','view_filter','app_end','log_write','response_end','admin_init','home_init','send_mobile_verification_code','body_start','before_head_end','footer_start','before_footer','before_footer_end','before_body_end','left_sidebar_start','before_left_sidebar_end','right_sidebar_start','before_right_sidebar_end','comment','guestbook','switch_theme','after_content','before_content','log_write_done','switch_admin_theme','captcha_image') ORDER BY `list_order` ASC [ RunTime:0.003272s ]
[2024-01-09T11:38:46+08:00][sql] CONNECT:[ UseTime:0.036700s ] mysql:host=127.0.0.1;port=3306;dbname=doukang_live;charset=utf8mb4
[2024-01-09T11:38:46+08:00][sql] SHOW FULL COLUMNS FROM `cmf_hook` [ RunTime:0.010860s ]
[2024-01-09T11:38:46+08:00][sql] SELECT `hook`,`id` FROM `cmf_hook` WHERE  (  (  `app` = '' OR `app` = 'cmf' )  AND `type` = 3 ) OR `type` = 1 [ RunTime:0.003691s ]
[2024-01-09T11:38:46+08:00][sql] SHOW FULL COLUMNS FROM `cmf_hook_plugin` [ RunTime:0.008923s ]
[2024-01-09T11:38:46+08:00][sql] SELECT `hook`,`plugin` FROM `cmf_hook_plugin` WHERE  `status` = 1  AND `hook` IN ('app_begin','module_init','action_begin','view_filter','app_end','log_write','response_end','admin_init','home_init','send_mobile_verification_code','body_start','before_head_end','footer_start','before_footer','before_footer_end','before_body_end','left_sidebar_start','before_left_sidebar_end','right_sidebar_start','before_right_sidebar_end','comment','guestbook','switch_theme','after_content','before_content','log_write_done','switch_admin_theme','captcha_image') ORDER BY `list_order` ASC [ RunTime:0.003585s ]
[2024-01-09T11:39:21+08:00][sql] CONNECT:[ UseTime:0.027600s ] mysql:host=127.0.0.1;port=3306;dbname=doukang_live;charset=utf8mb4
[2024-01-09T11:39:21+08:00][sql] SHOW FULL COLUMNS FROM `cmf_hook` [ RunTime:0.013578s ]
[2024-01-09T11:39:21+08:00][sql] SELECT `hook`,`id` FROM `cmf_hook` WHERE  (  (  `app` = '' OR `app` = 'cmf' )  AND `type` = 3 ) OR `type` = 1 [ RunTime:0.003631s ]
[2024-01-09T11:39:21+08:00][sql] SHOW FULL COLUMNS FROM `cmf_hook_plugin` [ RunTime:0.008427s ]
[2024-01-09T11:39:21+08:00][sql] SELECT `hook`,`plugin` FROM `cmf_hook_plugin` WHERE  `status` = 1  AND `hook` IN ('app_begin','module_init','action_begin','view_filter','app_end','log_write','response_end','admin_init','home_init','send_mobile_verification_code','body_start','before_head_end','footer_start','before_footer','before_footer_end','before_body_end','left_sidebar_start','before_left_sidebar_end','right_sidebar_start','before_right_sidebar_end','comment','guestbook','switch_theme','after_content','before_content','log_write_done','switch_admin_theme','captcha_image') ORDER BY `list_order` ASC [ RunTime:0.006363s ]
[2024-01-09T11:39:21+08:00][sql] CONNECT:[ UseTime:0.013223s ] mysql:host=127.0.0.1;port=3306;dbname=doukang_live;charset=utf8mb4
[2024-01-09T11:39:21+08:00][sql] SHOW FULL COLUMNS FROM `cmf_hook` [ RunTime:0.015020s ]
[2024-01-09T11:39:21+08:00][sql] SELECT `hook`,`id` FROM `cmf_hook` WHERE  (  (  `app` = '' OR `app` = 'cmf' )  AND `type` = 3 ) OR `type` = 1 [ RunTime:0.003637s ]
[2024-01-09T11:39:21+08:00][sql] SHOW FULL COLUMNS FROM `cmf_hook_plugin` [ RunTime:0.010740s ]
[2024-01-09T11:39:21+08:00][sql] SELECT `hook`,`plugin` FROM `cmf_hook_plugin` WHERE  `status` = 1  AND `hook` IN ('app_begin','module_init','action_begin','view_filter','app_end','log_write','response_end','admin_init','home_init','send_mobile_verification_code','body_start','before_head_end','footer_start','before_footer','before_footer_end','before_body_end','left_sidebar_start','before_left_sidebar_end','right_sidebar_start','before_right_sidebar_end','comment','guestbook','switch_theme','after_content','before_content','log_write_done','switch_admin_theme','captcha_image') ORDER BY `list_order` ASC [ RunTime:0.003946s ]
[2024-01-09T11:39:30+08:00][sql] CONNECT:[ UseTime:0.010280s ] mysql:host=127.0.0.1;port=3306;dbname=doukang_live;charset=utf8mb4
[2024-01-09T11:39:30+08:00][sql] SHOW FULL COLUMNS FROM `cmf_hook` [ RunTime:0.019632s ]
[2024-01-09T11:39:30+08:00][sql] SELECT `hook`,`id` FROM `cmf_hook` WHERE  (  (  `app` = '' OR `app` = 'cmf' )  AND `type` = 3 ) OR `type` = 1 [ RunTime:0.002818s ]
[2024-01-09T11:39:30+08:00][sql] SHOW FULL COLUMNS FROM `cmf_hook_plugin` [ RunTime:0.006606s ]
[2024-01-09T11:39:30+08:00][sql] SELECT `hook`,`plugin` FROM `cmf_hook_plugin` WHERE  `status` = 1  AND `hook` IN ('app_begin','module_init','action_begin','view_filter','app_end','log_write','response_end','admin_init','home_init','send_mobile_verification_code','body_start','before_head_end','footer_start','before_footer','before_footer_end','before_body_end','left_sidebar_start','before_left_sidebar_end','right_sidebar_start','before_right_sidebar_end','comment','guestbook','switch_theme','after_content','before_content','log_write_done','switch_admin_theme','captcha_image') ORDER BY `list_order` ASC [ RunTime:0.002320s ]
[2024-01-09T11:39:31+08:00][sql] CONNECT:[ UseTime:0.008988s ] mysql:host=127.0.0.1;port=3306;dbname=doukang_live;charset=utf8mb4
[2024-01-09T11:39:31+08:00][sql] SHOW FULL COLUMNS FROM `cmf_hook` [ RunTime:0.019926s ]
[2024-01-09T11:39:31+08:00][sql] SELECT `hook`,`id` FROM `cmf_hook` WHERE  (  (  `app` = '' OR `app` = 'cmf' )  AND `type` = 3 ) OR `type` = 1 [ RunTime:0.009146s ]
[2024-01-09T11:39:31+08:00][sql] SHOW FULL COLUMNS FROM `cmf_hook_plugin` [ RunTime:0.009396s ]
[2024-01-09T11:39:31+08:00][sql] SELECT `hook`,`plugin` FROM `cmf_hook_plugin` WHERE  `status` = 1  AND `hook` IN ('app_begin','module_init','action_begin','view_filter','app_end','log_write','response_end','admin_init','home_init','send_mobile_verification_code','body_start','before_head_end','footer_start','before_footer','before_footer_end','before_body_end','left_sidebar_start','before_left_sidebar_end','right_sidebar_start','before_right_sidebar_end','comment','guestbook','switch_theme','after_content','before_content','log_write_done','switch_admin_theme','captcha_image') ORDER BY `list_order` ASC [ RunTime:0.003376s ]
[2024-01-09T11:39:34+08:00][sql] CONNECT:[ UseTime:0.013988s ] mysql:host=127.0.0.1;port=3306;dbname=doukang_live;charset=utf8mb4
[2024-01-09T11:39:34+08:00][sql] SHOW FULL COLUMNS FROM `cmf_hook` [ RunTime:0.024022s ]
[2024-01-09T11:39:34+08:00][sql] SELECT `hook`,`id` FROM `cmf_hook` WHERE  (  (  `app` = '' OR `app` = 'cmf' )  AND `type` = 3 ) OR `type` = 1 [ RunTime:0.004719s ]
[2024-01-09T11:39:34+08:00][sql] SHOW FULL COLUMNS FROM `cmf_hook_plugin` [ RunTime:0.010711s ]
[2024-01-09T11:39:34+08:00][sql] SELECT `hook`,`plugin` FROM `cmf_hook_plugin` WHERE  `status` = 1  AND `hook` IN ('app_begin','module_init','action_begin','view_filter','app_end','log_write','response_end','admin_init','home_init','send_mobile_verification_code','body_start','before_head_end','footer_start','before_footer','before_footer_end','before_body_end','left_sidebar_start','before_left_sidebar_end','right_sidebar_start','before_right_sidebar_end','comment','guestbook','switch_theme','after_content','before_content','log_write_done','switch_admin_theme','captcha_image') ORDER BY `list_order` ASC [ RunTime:0.003988s ]
[2024-01-09T11:39:36+08:00][sql] CONNECT:[ UseTime:0.010228s ] mysql:host=127.0.0.1;port=3306;dbname=doukang_live;charset=utf8mb4
[2024-01-09T11:39:36+08:00][sql] SHOW FULL COLUMNS FROM `cmf_hook` [ RunTime:0.019585s ]
[2024-01-09T11:39:36+08:00][sql] SELECT `hook`,`id` FROM `cmf_hook` WHERE  (  (  `app` = '' OR `app` = 'cmf' )  AND `type` = 3 ) OR `type` = 1 [ RunTime:0.003908s ]
[2024-01-09T11:39:36+08:00][sql] SHOW FULL COLUMNS FROM `cmf_hook_plugin` [ RunTime:0.008418s ]
[2024-01-09T11:39:36+08:00][sql] SELECT `hook`,`plugin` FROM `cmf_hook_plugin` WHERE  `status` = 1  AND `hook` IN ('app_begin','module_init','action_begin','view_filter','app_end','log_write','response_end','admin_init','home_init','send_mobile_verification_code','body_start','before_head_end','footer_start','before_footer','before_footer_end','before_body_end','left_sidebar_start','before_left_sidebar_end','right_sidebar_start','before_right_sidebar_end','comment','guestbook','switch_theme','after_content','before_content','log_write_done','switch_admin_theme','captcha_image') ORDER BY `list_order` ASC [ RunTime:0.003806s ]
[2024-01-09T11:39:37+08:00][sql] CONNECT:[ UseTime:0.012416s ] mysql:host=127.0.0.1;port=3306;dbname=doukang_live;charset=utf8mb4
[2024-01-09T11:39:37+08:00][sql] SHOW FULL COLUMNS FROM `cmf_hook` [ RunTime:0.022455s ]
[2024-01-09T11:39:37+08:00][sql] SELECT `hook`,`id` FROM `cmf_hook` WHERE  (  (  `app` = '' OR `app` = 'cmf' )  AND `type` = 3 ) OR `type` = 1 [ RunTime:0.005622s ]
[2024-01-09T11:39:37+08:00][sql] SHOW FULL COLUMNS FROM `cmf_hook_plugin` [ RunTime:0.011000s ]
[2024-01-09T11:39:37+08:00][sql] SELECT `hook`,`plugin` FROM `cmf_hook_plugin` WHERE  `status` = 1  AND `hook` IN ('app_begin','module_init','action_begin','view_filter','app_end','log_write','response_end','admin_init','home_init','send_mobile_verification_code','body_start','before_head_end','footer_start','before_footer','before_footer_end','before_body_end','left_sidebar_start','before_left_sidebar_end','right_sidebar_start','before_right_sidebar_end','comment','guestbook','switch_theme','after_content','before_content','log_write_done','switch_admin_theme','captcha_image') ORDER BY `list_order` ASC [ RunTime:0.003153s ]
[2024-01-09T11:39:37+08:00][sql] CONNECT:[ UseTime:0.007982s ] mysql:host=127.0.0.1;port=3306;dbname=doukang_live;charset=utf8mb4
[2024-01-09T11:39:37+08:00][sql] SHOW FULL COLUMNS FROM `cmf_hook` [ RunTime:0.025046s ]
[2024-01-09T11:39:37+08:00][sql] SELECT `hook`,`id` FROM `cmf_hook` WHERE  (  (  `app` = '' OR `app` = 'cmf' )  AND `type` = 3 ) OR `type` = 1 [ RunTime:0.004537s ]
[2024-01-09T11:39:37+08:00][sql] SHOW FULL COLUMNS FROM `cmf_hook_plugin` [ RunTime:0.010385s ]
[2024-01-09T11:39:37+08:00][sql] SELECT `hook`,`plugin` FROM `cmf_hook_plugin` WHERE  `status` = 1  AND `hook` IN ('app_begin','module_init','action_begin','view_filter','app_end','log_write','response_end','admin_init','home_init','send_mobile_verification_code','body_start','before_head_end','footer_start','before_footer','before_footer_end','before_body_end','left_sidebar_start','before_left_sidebar_end','right_sidebar_start','before_right_sidebar_end','comment','guestbook','switch_theme','after_content','before_content','log_write_done','switch_admin_theme','captcha_image') ORDER BY `list_order` ASC [ RunTime:0.003710s ]
[2024-01-09T11:39:38+08:00][sql] CONNECT:[ UseTime:0.009348s ] mysql:host=127.0.0.1;port=3306;dbname=doukang_live;charset=utf8mb4
[2024-01-09T11:39:38+08:00][sql] SHOW FULL COLUMNS FROM `cmf_hook` [ RunTime:0.008045s ]
[2024-01-09T11:39:38+08:00][sql] SELECT `hook`,`id` FROM `cmf_hook` WHERE  (  (  `app` = '' OR `app` = 'cmf' )  AND `type` = 3 ) OR `type` = 1 [ RunTime:0.002497s ]
[2024-01-09T11:39:38+08:00][sql] SHOW FULL COLUMNS FROM `cmf_hook_plugin` [ RunTime:0.005531s ]
[2024-01-09T11:39:38+08:00][sql] SELECT `hook`,`plugin` FROM `cmf_hook_plugin` WHERE  `status` = 1  AND `hook` IN ('app_begin','module_init','action_begin','view_filter','app_end','log_write','response_end','admin_init','home_init','send_mobile_verification_code','body_start','before_head_end','footer_start','before_footer','before_footer_end','before_body_end','left_sidebar_start','before_left_sidebar_end','right_sidebar_start','before_right_sidebar_end','comment','guestbook','switch_theme','after_content','before_content','log_write_done','switch_admin_theme','captcha_image') ORDER BY `list_order` ASC [ RunTime:0.002244s ]
[2024-01-09T11:39:38+08:00][sql] CONNECT:[ UseTime:0.016530s ] mysql:host=127.0.0.1;port=3306;dbname=doukang_live;charset=utf8mb4
[2024-01-09T11:39:38+08:00][sql] SHOW FULL COLUMNS FROM `cmf_hook` [ RunTime:0.021047s ]
[2024-01-09T11:39:38+08:00][sql] SELECT `hook`,`id` FROM `cmf_hook` WHERE  (  (  `app` = '' OR `app` = 'cmf' )  AND `type` = 3 ) OR `type` = 1 [ RunTime:0.004333s ]
[2024-01-09T11:39:38+08:00][sql] SHOW FULL COLUMNS FROM `cmf_hook_plugin` [ RunTime:0.010531s ]
[2024-01-09T11:39:38+08:00][sql] SELECT `hook`,`plugin` FROM `cmf_hook_plugin` WHERE  `status` = 1  AND `hook` IN ('app_begin','module_init','action_begin','view_filter','app_end','log_write','response_end','admin_init','home_init','send_mobile_verification_code','body_start','before_head_end','footer_start','before_footer','before_footer_end','before_body_end','left_sidebar_start','before_left_sidebar_end','right_sidebar_start','before_right_sidebar_end','comment','guestbook','switch_theme','after_content','before_content','log_write_done','switch_admin_theme','captcha_image') ORDER BY `list_order` ASC [ RunTime:0.003342s ]
[2024-01-09T11:39:38+08:00][sql] CONNECT:[ UseTime:0.011859s ] mysql:host=127.0.0.1;port=3306;dbname=doukang_live;charset=utf8mb4
[2024-01-09T11:39:38+08:00][sql] SHOW FULL COLUMNS FROM `cmf_hook` [ RunTime:0.013553s ]
[2024-01-09T11:39:38+08:00][sql] SELECT `hook`,`id` FROM `cmf_hook` WHERE  (  (  `app` = '' OR `app` = 'cmf' )  AND `type` = 3 ) OR `type` = 1 [ RunTime:0.002465s ]
[2024-01-09T11:39:38+08:00][sql] SHOW FULL COLUMNS FROM `cmf_hook_plugin` [ RunTime:0.008036s ]
[2024-01-09T11:39:38+08:00][sql] SELECT `hook`,`plugin` FROM `cmf_hook_plugin` WHERE  `status` = 1  AND `hook` IN ('app_begin','module_init','action_begin','view_filter','app_end','log_write','response_end','admin_init','home_init','send_mobile_verification_code','body_start','before_head_end','footer_start','before_footer','before_footer_end','before_body_end','left_sidebar_start','before_left_sidebar_end','right_sidebar_start','before_right_sidebar_end','comment','guestbook','switch_theme','after_content','before_content','log_write_done','switch_admin_theme','captcha_image') ORDER BY `list_order` ASC [ RunTime:0.002162s ]
[2024-01-09T11:39:38+08:00][sql] CONNECT:[ UseTime:0.014036s ] mysql:host=127.0.0.1;port=3306;dbname=doukang_live;charset=utf8mb4
[2024-01-09T11:39:38+08:00][sql] SHOW FULL COLUMNS FROM `cmf_hook` [ RunTime:0.015947s ]
[2024-01-09T11:39:38+08:00][sql] SELECT `hook`,`id` FROM `cmf_hook` WHERE  (  (  `app` = '' OR `app` = 'cmf' )  AND `type` = 3 ) OR `type` = 1 [ RunTime:0.002710s ]
[2024-01-09T11:39:38+08:00][sql] SHOW FULL COLUMNS FROM `cmf_hook_plugin` [ RunTime:0.006476s ]
[2024-01-09T11:39:38+08:00][sql] SELECT `hook`,`plugin` FROM `cmf_hook_plugin` WHERE  `status` = 1  AND `hook` IN ('app_begin','module_init','action_begin','view_filter','app_end','log_write','response_end','admin_init','home_init','send_mobile_verification_code','body_start','before_head_end','footer_start','before_footer','before_footer_end','before_body_end','left_sidebar_start','before_left_sidebar_end','right_sidebar_start','before_right_sidebar_end','comment','guestbook','switch_theme','after_content','before_content','log_write_done','switch_admin_theme','captcha_image') ORDER BY `list_order` ASC [ RunTime:0.002264s ]
[2024-01-09T11:39:38+08:00][sql] CONNECT:[ UseTime:0.009449s ] mysql:host=127.0.0.1;port=3306;dbname=doukang_live;charset=utf8mb4
[2024-01-09T11:39:38+08:00][sql] SHOW FULL COLUMNS FROM `cmf_hook` [ RunTime:0.020948s ]
[2024-01-09T11:39:38+08:00][sql] SELECT `hook`,`id` FROM `cmf_hook` WHERE  (  (  `app` = '' OR `app` = 'cmf' )  AND `type` = 3 ) OR `type` = 1 [ RunTime:0.003116s ]
[2024-01-09T11:39:38+08:00][sql] SHOW FULL COLUMNS FROM `cmf_hook_plugin` [ RunTime:0.007277s ]
[2024-01-09T11:39:38+08:00][sql] SELECT `hook`,`plugin` FROM `cmf_hook_plugin` WHERE  `status` = 1  AND `hook` IN ('app_begin','module_init','action_begin','view_filter','app_end','log_write','response_end','admin_init','home_init','send_mobile_verification_code','body_start','before_head_end','footer_start','before_footer','before_footer_end','before_body_end','left_sidebar_start','before_left_sidebar_end','right_sidebar_start','before_right_sidebar_end','comment','guestbook','switch_theme','after_content','before_content','log_write_done','switch_admin_theme','captcha_image') ORDER BY `list_order` ASC [ RunTime:0.002538s ]
[2024-01-09T11:39:38+08:00][sql] CONNECT:[ UseTime:0.007888s ] mysql:host=127.0.0.1;port=3306;dbname=doukang_live;charset=utf8mb4
[2024-01-09T11:39:38+08:00][sql] SHOW FULL COLUMNS FROM `cmf_hook` [ RunTime:0.017673s ]
[2024-01-09T11:39:38+08:00][sql] SELECT `hook`,`id` FROM `cmf_hook` WHERE  (  (  `app` = '' OR `app` = 'cmf' )  AND `type` = 3 ) OR `type` = 1 [ RunTime:0.002525s ]
[2024-01-09T11:39:38+08:00][sql] SHOW FULL COLUMNS FROM `cmf_hook_plugin` [ RunTime:0.006575s ]
[2024-01-09T11:39:38+08:00][sql] SELECT `hook`,`plugin` FROM `cmf_hook_plugin` WHERE  `status` = 1  AND `hook` IN ('app_begin','module_init','action_begin','view_filter','app_end','log_write','response_end','admin_init','home_init','send_mobile_verification_code','body_start','before_head_end','footer_start','before_footer','before_footer_end','before_body_end','left_sidebar_start','before_left_sidebar_end','right_sidebar_start','before_right_sidebar_end','comment','guestbook','switch_theme','after_content','before_content','log_write_done','switch_admin_theme','captcha_image') ORDER BY `list_order` ASC [ RunTime:0.002349s ]
[2024-01-09T11:39:39+08:00][sql] CONNECT:[ UseTime:0.014944s ] mysql:host=127.0.0.1;port=3306;dbname=doukang_live;charset=utf8mb4
[2024-01-09T11:39:39+08:00][sql] SHOW FULL COLUMNS FROM `cmf_hook` [ RunTime:0.009437s ]
[2024-01-09T11:39:39+08:00][sql] SELECT `hook`,`id` FROM `cmf_hook` WHERE  (  (  `app` = '' OR `app` = 'cmf' )  AND `type` = 3 ) OR `type` = 1 [ RunTime:0.005575s ]
[2024-01-09T11:39:39+08:00][sql] SHOW FULL COLUMNS FROM `cmf_hook_plugin` [ RunTime:0.007685s ]
[2024-01-09T11:39:39+08:00][sql] SELECT `hook`,`plugin` FROM `cmf_hook_plugin` WHERE  `status` = 1  AND `hook` IN ('app_begin','module_init','action_begin','view_filter','app_end','log_write','response_end','admin_init','home_init','send_mobile_verification_code','body_start','before_head_end','footer_start','before_footer','before_footer_end','before_body_end','left_sidebar_start','before_left_sidebar_end','right_sidebar_start','before_right_sidebar_end','comment','guestbook','switch_theme','after_content','before_content','log_write_done','switch_admin_theme','captcha_image') ORDER BY `list_order` ASC [ RunTime:0.002328s ]
[2024-01-09T11:39:51+08:00][sql] CONNECT:[ UseTime:0.010561s ] mysql:host=127.0.0.1;port=3306;dbname=doukang_live;charset=utf8mb4
[2024-01-09T11:39:51+08:00][sql] SHOW FULL COLUMNS FROM `cmf_hook` [ RunTime:0.016829s ]
[2024-01-09T11:39:51+08:00][sql] SELECT `hook`,`id` FROM `cmf_hook` WHERE  (  (  `app` = '' OR `app` = 'cmf' )  AND `type` = 3 ) OR `type` = 1 [ RunTime:0.005717s ]
[2024-01-09T11:39:51+08:00][sql] SHOW FULL COLUMNS FROM `cmf_hook_plugin` [ RunTime:0.011689s ]
[2024-01-09T11:39:51+08:00][sql] SELECT `hook`,`plugin` FROM `cmf_hook_plugin` WHERE  `status` = 1  AND `hook` IN ('app_begin','module_init','action_begin','view_filter','app_end','log_write','response_end','admin_init','home_init','send_mobile_verification_code','body_start','before_head_end','footer_start','before_footer','before_footer_end','before_body_end','left_sidebar_start','before_left_sidebar_end','right_sidebar_start','before_right_sidebar_end','comment','guestbook','switch_theme','after_content','before_content','log_write_done','switch_admin_theme','captcha_image') ORDER BY `list_order` ASC [ RunTime:0.004400s ]
[2024-01-09T11:39:51+08:00][sql] CONNECT:[ UseTime:0.010719s ] mysql:host=127.0.0.1;port=3306;dbname=doukang_live;charset=utf8mb4
[2024-01-09T11:39:51+08:00][sql] SHOW FULL COLUMNS FROM `cmf_hook` [ RunTime:0.009494s ]
[2024-01-09T11:39:51+08:00][sql] SELECT `hook`,`id` FROM `cmf_hook` WHERE  (  (  `app` = '' OR `app` = 'cmf' )  AND `type` = 3 ) OR `type` = 1 [ RunTime:0.002521s ]
[2024-01-09T11:39:51+08:00][sql] SHOW FULL COLUMNS FROM `cmf_hook_plugin` [ RunTime:0.006438s ]
[2024-01-09T11:39:51+08:00][sql] SELECT `hook`,`plugin` FROM `cmf_hook_plugin` WHERE  `status` = 1  AND `hook` IN ('app_begin','module_init','action_begin','view_filter','app_end','log_write','response_end','admin_init','home_init','send_mobile_verification_code','body_start','before_head_end','footer_start','before_footer','before_footer_end','before_body_end','left_sidebar_start','before_left_sidebar_end','right_sidebar_start','before_right_sidebar_end','comment','guestbook','switch_theme','after_content','before_content','log_write_done','switch_admin_theme','captcha_image') ORDER BY `list_order` ASC [ RunTime:0.002571s ]
[2024-01-09T11:39:59+08:00][sql] CONNECT:[ UseTime:0.016109s ] mysql:host=127.0.0.1;port=3306;dbname=doukang_live;charset=utf8mb4
[2024-01-09T11:39:59+08:00][sql] SHOW FULL COLUMNS FROM `cmf_hook` [ RunTime:0.019559s ]
[2024-01-09T11:39:59+08:00][sql] SELECT `hook`,`id` FROM `cmf_hook` WHERE  (  (  `app` = '' OR `app` = 'cmf' )  AND `type` = 3 ) OR `type` = 1 [ RunTime:0.006607s ]
[2024-01-09T11:39:59+08:00][sql] SHOW FULL COLUMNS FROM `cmf_hook_plugin` [ RunTime:0.011281s ]
[2024-01-09T11:39:59+08:00][sql] SELECT `hook`,`plugin` FROM `cmf_hook_plugin` WHERE  `status` = 1  AND `hook` IN ('app_begin','module_init','action_begin','view_filter','app_end','log_write','response_end','admin_init','home_init','send_mobile_verification_code','body_start','before_head_end','footer_start','before_footer','before_footer_end','before_body_end','left_sidebar_start','before_left_sidebar_end','right_sidebar_start','before_right_sidebar_end','comment','guestbook','switch_theme','after_content','before_content','log_write_done','switch_admin_theme','captcha_image') ORDER BY `list_order` ASC [ RunTime:0.003539s ]
[2024-01-09T11:39:59+08:00][sql] SHOW FULL COLUMNS FROM `cmf_user` [ RunTime:0.039959s ]
[2024-01-09T11:39:59+08:00][sql] SELECT * FROM `cmf_user` WHERE  `user_login` = 'admin' LIMIT 1 [ RunTime:0.025691s ]
[2024-01-09T11:39:59+08:00][sql] CONNECT:[ UseTime:0.003258s ] mysql:host=127.0.0.1;port=3306;dbname=doukang_live;charset=utf8mb4
[2024-01-09T11:39:59+08:00][sql] SHOW FULL COLUMNS FROM `cmf_hook` [ RunTime:0.009319s ]
[2024-01-09T11:39:59+08:00][sql] SELECT `hook`,`id` FROM `cmf_hook` WHERE  (  (  `app` = '' OR `app` = 'cmf' )  AND `type` = 3 ) OR `type` = 1 [ RunTime:0.002662s ]
[2024-01-09T11:39:59+08:00][sql] SHOW FULL COLUMNS FROM `cmf_hook_plugin` [ RunTime:0.007449s ]
[2024-01-09T11:39:59+08:00][sql] SELECT `hook`,`plugin` FROM `cmf_hook_plugin` WHERE  `status` = 1  AND `hook` IN ('app_begin','module_init','action_begin','view_filter','app_end','log_write','response_end','admin_init','home_init','send_mobile_verification_code','body_start','before_head_end','footer_start','before_footer','before_footer_end','before_body_end','left_sidebar_start','before_left_sidebar_end','right_sidebar_start','before_right_sidebar_end','comment','guestbook','switch_theme','after_content','before_content','log_write_done','switch_admin_theme','captcha_image') ORDER BY `list_order` ASC [ RunTime:0.002480s ]
[2024-01-09T11:40:19+08:00][sql] CONNECT:[ UseTime:0.011673s ] mysql:host=127.0.0.1;port=3306;dbname=doukang_live;charset=utf8mb4
[2024-01-09T11:40:19+08:00][sql] SHOW FULL COLUMNS FROM `cmf_hook` [ RunTime:0.030592s ]
[2024-01-09T11:40:19+08:00][sql] SELECT `hook`,`id` FROM `cmf_hook` WHERE  (  (  `app` = '' OR `app` = 'cmf' )  AND `type` = 3 ) OR `type` = 1 [ RunTime:0.004784s ]
[2024-01-09T11:40:19+08:00][sql] SHOW FULL COLUMNS FROM `cmf_hook_plugin` [ RunTime:0.011870s ]
[2024-01-09T11:40:19+08:00][sql] SELECT `hook`,`plugin` FROM `cmf_hook_plugin` WHERE  `status` = 1  AND `hook` IN ('app_begin','module_init','action_begin','view_filter','app_end','log_write','response_end','admin_init','home_init','send_mobile_verification_code','body_start','before_head_end','footer_start','before_footer','before_footer_end','before_body_end','left_sidebar_start','before_left_sidebar_end','right_sidebar_start','before_right_sidebar_end','comment','guestbook','switch_theme','after_content','before_content','log_write_done','switch_admin_theme','captcha_image') ORDER BY `list_order` ASC [ RunTime:0.003642s ]
[2024-01-09T11:40:19+08:00][sql] SHOW FULL COLUMNS FROM `cmf_user` [ RunTime:0.038624s ]
[2024-01-09T11:40:19+08:00][sql] SELECT * FROM `cmf_user` WHERE  `user_login` = 'admin' LIMIT 1 [ RunTime:0.004086s ]
[2024-01-09T11:40:19+08:00][sql] CONNECT:[ UseTime:0.003510s ] mysql:host=127.0.0.1;port=3306;dbname=doukang_live;charset=utf8mb4
[2024-01-09T11:40:19+08:00][sql] SHOW FULL COLUMNS FROM `cmf_hook` [ RunTime:0.009645s ]
[2024-01-09T11:40:19+08:00][sql] SELECT `hook`,`id` FROM `cmf_hook` WHERE  (  (  `app` = '' OR `app` = 'cmf' )  AND `type` = 3 ) OR `type` = 1 [ RunTime:0.003227s ]
[2024-01-09T11:40:19+08:00][sql] SHOW FULL COLUMNS FROM `cmf_hook_plugin` [ RunTime:0.009113s ]
[2024-01-09T11:40:19+08:00][sql] SELECT `hook`,`plugin` FROM `cmf_hook_plugin` WHERE  `status` = 1  AND `hook` IN ('app_begin','module_init','action_begin','view_filter','app_end','log_write','response_end','admin_init','home_init','send_mobile_verification_code','body_start','before_head_end','footer_start','before_footer','before_footer_end','before_body_end','left_sidebar_start','before_left_sidebar_end','right_sidebar_start','before_right_sidebar_end','comment','guestbook','switch_theme','after_content','before_content','log_write_done','switch_admin_theme','captcha_image') ORDER BY `list_order` ASC [ RunTime:0.003041s ]
[2024-01-09T11:48:28+08:00][sql] CONNECT:[ UseTime:0.014232s ] mysql:host=127.0.0.1;port=3306;dbname=doukang_live;charset=utf8mb4
[2024-01-09T11:48:28+08:00][sql] SHOW FULL COLUMNS FROM `cmf_hook` [ RunTime:0.030549s ]
[2024-01-09T11:48:28+08:00][sql] SELECT `hook`,`id` FROM `cmf_hook` WHERE  (  (  `app` = '' OR `app` = 'cmf' )  AND `type` = 3 ) OR `type` = 1 [ RunTime:0.007461s ]
[2024-01-09T11:48:28+08:00][sql] SHOW FULL COLUMNS FROM `cmf_hook_plugin` [ RunTime:0.013787s ]
[2024-01-09T11:48:28+08:00][sql] SELECT `hook`,`plugin` FROM `cmf_hook_plugin` WHERE  `status` = 1  AND `hook` IN ('app_begin','module_init','action_begin','view_filter','app_end','log_write','response_end','admin_init','home_init','send_mobile_verification_code','body_start','before_head_end','footer_start','before_footer','before_footer_end','before_body_end','left_sidebar_start','before_left_sidebar_end','right_sidebar_start','before_right_sidebar_end','comment','guestbook','switch_theme','after_content','before_content','log_write_done','switch_admin_theme','captcha_image') ORDER BY `list_order` ASC [ RunTime:0.003902s ]
[2024-01-09T11:48:28+08:00][sql] SHOW FULL COLUMNS FROM `cmf_plugin` [ RunTime:0.012181s ]
[2024-01-09T11:48:28+08:00][sql] SELECT `config` FROM `cmf_plugin` WHERE  `name` = 'Qiniu' LIMIT 1 [ RunTime:0.003609s ]
[2024-01-09T11:48:28+08:00][sql] SHOW FULL COLUMNS FROM `cmf_theme_file` [ RunTime:0.009838s ]
[2024-01-09T11:48:28+08:00][sql] SELECT `more` FROM `cmf_theme_file` WHERE  `theme` = 'default'  AND (  `is_public` = 1 OR `file` = '../portal/index' ) [ RunTime:0.002933s ]
[2024-01-09T12:17:53+08:00][sql] CONNECT:[ UseTime:0.006847s ] mysql:host=127.0.0.1;port=3306;dbname=doukang_live;charset=utf8mb4
[2024-01-09T12:17:53+08:00][sql] SHOW FULL COLUMNS FROM `cmf_hook` [ RunTime:0.018714s ]
[2024-01-09T12:17:53+08:00][sql] SELECT `hook`,`id` FROM `cmf_hook` WHERE  (  (  `app` = '' OR `app` = 'cmf' )  AND `type` = 3 ) OR `type` = 1 [ RunTime:0.003724s ]
[2024-01-09T12:17:53+08:00][sql] SHOW FULL COLUMNS FROM `cmf_hook_plugin` [ RunTime:0.007514s ]
[2024-01-09T12:17:53+08:00][sql] SELECT `hook`,`plugin` FROM `cmf_hook_plugin` WHERE  `status` = 1  AND `hook` IN ('app_begin','module_init','action_begin','view_filter','app_end','log_write','response_end','admin_init','home_init','send_mobile_verification_code','body_start','before_head_end','footer_start','before_footer','before_footer_end','before_body_end','left_sidebar_start','before_left_sidebar_end','right_sidebar_start','before_right_sidebar_end','comment','guestbook','switch_theme','after_content','before_content','log_write_done','switch_admin_theme','captcha_image') ORDER BY `list_order` ASC [ RunTime:0.002614s ]
[2024-01-09T12:17:58+08:00][sql] CONNECT:[ UseTime:0.033689s ] mysql:host=127.0.0.1;port=3306;dbname=doukang_live;charset=utf8mb4
[2024-01-09T12:17:58+08:00][sql] SHOW FULL COLUMNS FROM `cmf_hook` [ RunTime:0.014911s ]
[2024-01-09T12:17:58+08:00][sql] SELECT `hook`,`id` FROM `cmf_hook` WHERE  (  (  `app` = '' OR `app` = 'cmf' )  AND `type` = 3 ) OR `type` = 1 [ RunTime:0.004632s ]
[2024-01-09T12:17:58+08:00][sql] SHOW FULL COLUMNS FROM `cmf_hook_plugin` [ RunTime:0.011871s ]
[2024-01-09T12:17:58+08:00][sql] SELECT `hook`,`plugin` FROM `cmf_hook_plugin` WHERE  `status` = 1  AND `hook` IN ('app_begin','module_init','action_begin','view_filter','app_end','log_write','response_end','admin_init','home_init','send_mobile_verification_code','body_start','before_head_end','footer_start','before_footer','before_footer_end','before_body_end','left_sidebar_start','before_left_sidebar_end','right_sidebar_start','before_right_sidebar_end','comment','guestbook','switch_theme','after_content','before_content','log_write_done','switch_admin_theme','captcha_image') ORDER BY `list_order` ASC [ RunTime:0.005276s ]
[2024-01-09T12:17:58+08:00][sql] CONNECT:[ UseTime:0.003079s ] mysql:host=127.0.0.1;port=3306;dbname=doukang_live;charset=utf8mb4
[2024-01-09T12:17:58+08:00][sql] SHOW FULL COLUMNS FROM `cmf_hook` [ RunTime:0.010019s ]
[2024-01-09T12:17:58+08:00][sql] SELECT `hook`,`id` FROM `cmf_hook` WHERE  (  (  `app` = '' OR `app` = 'cmf' )  AND `type` = 3 ) OR `type` = 1 [ RunTime:0.003316s ]
[2024-01-09T12:17:58+08:00][sql] SHOW FULL COLUMNS FROM `cmf_hook_plugin` [ RunTime:0.008605s ]
[2024-01-09T12:17:58+08:00][sql] SELECT `hook`,`plugin` FROM `cmf_hook_plugin` WHERE  `status` = 1  AND `hook` IN ('app_begin','module_init','action_begin','view_filter','app_end','log_write','response_end','admin_init','home_init','send_mobile_verification_code','body_start','before_head_end','footer_start','before_footer','before_footer_end','before_body_end','left_sidebar_start','before_left_sidebar_end','right_sidebar_start','before_right_sidebar_end','comment','guestbook','switch_theme','after_content','before_content','log_write_done','switch_admin_theme','captcha_image') ORDER BY `list_order` ASC [ RunTime:0.003002s ]
[2024-01-09T12:17:59+08:00][sql] CONNECT:[ UseTime:0.003348s ] mysql:host=127.0.0.1;port=3306;dbname=doukang_live;charset=utf8mb4
[2024-01-09T12:17:59+08:00][sql] SHOW FULL COLUMNS FROM `cmf_hook` [ RunTime:0.008774s ]
[2024-01-09T12:17:59+08:00][sql] SELECT `hook`,`id` FROM `cmf_hook` WHERE  (  (  `app` = '' OR `app` = 'cmf' )  AND `type` = 3 ) OR `type` = 1 [ RunTime:0.003117s ]
[2024-01-09T12:17:59+08:00][sql] SHOW FULL COLUMNS FROM `cmf_hook_plugin` [ RunTime:0.007700s ]
[2024-01-09T12:17:59+08:00][sql] SELECT `hook`,`plugin` FROM `cmf_hook_plugin` WHERE  `status` = 1  AND `hook` IN ('app_begin','module_init','action_begin','view_filter','app_end','log_write','response_end','admin_init','home_init','send_mobile_verification_code','body_start','before_head_end','footer_start','before_footer','before_footer_end','before_body_end','left_sidebar_start','before_left_sidebar_end','right_sidebar_start','before_right_sidebar_end','comment','guestbook','switch_theme','after_content','before_content','log_write_done','switch_admin_theme','captcha_image') ORDER BY `list_order` ASC [ RunTime:0.002626s ]
[2024-01-09T12:18:09+08:00][sql] CONNECT:[ UseTime:0.014597s ] mysql:host=127.0.0.1;port=3306;dbname=doukang_live;charset=utf8mb4
[2024-01-09T12:18:09+08:00][sql] SHOW FULL COLUMNS FROM `cmf_hook` [ RunTime:0.016266s ]
[2024-01-09T12:18:09+08:00][sql] SELECT `hook`,`id` FROM `cmf_hook` WHERE  (  (  `app` = '' OR `app` = 'cmf' )  AND `type` = 3 ) OR `type` = 1 [ RunTime:0.002827s ]
[2024-01-09T12:18:09+08:00][sql] SHOW FULL COLUMNS FROM `cmf_hook_plugin` [ RunTime:0.007019s ]
[2024-01-09T12:18:09+08:00][sql] SELECT `hook`,`plugin` FROM `cmf_hook_plugin` WHERE  `status` = 1  AND `hook` IN ('app_begin','module_init','action_begin','view_filter','app_end','log_write','response_end','admin_init','home_init','send_mobile_verification_code','body_start','before_head_end','footer_start','before_footer','before_footer_end','before_body_end','left_sidebar_start','before_left_sidebar_end','right_sidebar_start','before_right_sidebar_end','comment','guestbook','switch_theme','after_content','before_content','log_write_done','switch_admin_theme','captcha_image') ORDER BY `list_order` ASC [ RunTime:0.002623s ]
[2024-01-09T12:18:09+08:00][sql] SHOW FULL COLUMNS FROM `cmf_user` [ RunTime:0.027041s ]
[2024-01-09T12:18:09+08:00][sql] SELECT * FROM `cmf_user` WHERE  `user_login` = 'admin' LIMIT 1 [ RunTime:0.003685s ]
[2024-01-09T12:18:09+08:00][sql] SHOW FULL COLUMNS FROM `cmf_role_user` [ RunTime:0.016164s ]
[2024-01-09T12:18:09+08:00][sql] SELECT `role_id` FROM `cmf_role_user` `a` INNER JOIN `cmf_role` `b` ON `a`.`role_id`=`b`.`id` WHERE  `user_id` = 1  AND `status` = '1' LIMIT 1 [ RunTime:0.019321s ]
[2024-01-09T12:18:09+08:00][sql] SHOW FULL COLUMNS FROM `cmf_user_token` [ RunTime:0.010205s ]
[2024-01-09T12:18:09+08:00][sql] SELECT * FROM `cmf_user_token` WHERE  `user_id` = 1  AND `device_type` = 'web' LIMIT 1 [ RunTime:0.005611s ]
[2024-01-09T12:18:09+08:00][sql] INSERT INTO `cmf_user_token` SET `token` = '9fdcb25e7fbcfb86b0eaa35dcb20626a3e0db1dfd422ab35915db77fa1c2f446' , `user_id` = 1 , `expire_time` = 1720325889 , `create_time` = 1704773889 , `device_type` = 'web' [ RunTime:0.010740s ]
[2024-01-09T12:18:09+08:00][sql] UPDATE `cmf_user`  SET `last_login_ip` = '127.0.0.1' , `last_login_time` = 1704773889  WHERE  `id` = 1 [ RunTime:0.006804s ]
[2024-01-09T12:18:11+08:00][sql] CONNECT:[ UseTime:0.018887s ] mysql:host=127.0.0.1;port=3306;dbname=doukang_live;charset=utf8mb4
[2024-01-09T12:18:11+08:00][sql] SHOW FULL COLUMNS FROM `cmf_hook` [ RunTime:0.011135s ]
[2024-01-09T12:18:11+08:00][sql] SELECT `hook`,`id` FROM `cmf_hook` WHERE  (  (  `app` = '' OR `app` = 'cmf' )  AND `type` = 3 ) OR `type` = 1 [ RunTime:0.006025s ]
[2024-01-09T12:18:11+08:00][sql] SHOW FULL COLUMNS FROM `cmf_hook_plugin` [ RunTime:0.009885s ]
[2024-01-09T12:18:11+08:00][sql] SELECT `hook`,`plugin` FROM `cmf_hook_plugin` WHERE  `status` = 1  AND `hook` IN ('app_begin','module_init','action_begin','view_filter','app_end','log_write','response_end','admin_init','home_init','send_mobile_verification_code','body_start','before_head_end','footer_start','before_footer','before_footer_end','before_body_end','left_sidebar_start','before_left_sidebar_end','right_sidebar_start','before_right_sidebar_end','comment','guestbook','switch_theme','after_content','before_content','log_write_done','switch_admin_theme','captcha_image') ORDER BY `list_order` ASC [ RunTime:0.004469s ]
[2024-01-09T12:18:11+08:00][sql] SHOW FULL COLUMNS FROM `cmf_user` [ RunTime:0.020088s ]
[2024-01-09T12:18:11+08:00][sql] SELECT * FROM `cmf_user` WHERE  `id` = 1 LIMIT 1 [ RunTime:0.005344s ]
[2024-01-09T12:18:11+08:00][sql] SHOW FULL COLUMNS FROM `cmf_admin_menu` [ RunTime:0.020865s ]
[2024-01-09T12:18:11+08:00][sql] SELECT * FROM `cmf_admin_menu` WHERE  `parent_id` = 0  AND `status` = 1 ORDER BY `list_order` ASC [ RunTime:0.030865s ]
[2024-01-09T12:18:11+08:00][sql] SELECT * FROM `cmf_admin_menu` WHERE  `parent_id` = 6  AND `status` = 1 ORDER BY `list_order` ASC [ RunTime:0.004929s ]
[2024-01-09T12:18:11+08:00][sql] SELECT * FROM `cmf_admin_menu` WHERE  `parent_id` = 71  AND `status` = 1 ORDER BY `list_order` ASC [ RunTime:0.003203s ]
[2024-01-09T12:18:11+08:00][sql] SELECT * FROM `cmf_admin_menu` WHERE  `parent_id` = 169  AND `status` = 1 ORDER BY `list_order` ASC [ RunTime:0.003465s ]
[2024-01-09T12:18:11+08:00][sql] SELECT * FROM `cmf_admin_menu` WHERE  `parent_id` = 78  AND `status` = 1 ORDER BY `list_order` ASC [ RunTime:0.002608s ]
[2024-01-09T12:18:11+08:00][sql] SELECT * FROM `cmf_admin_menu` WHERE  `parent_id` = 75  AND `status` = 1 ORDER BY `list_order` ASC [ RunTime:0.002295s ]
[2024-01-09T12:18:11+08:00][sql] SELECT * FROM `cmf_admin_menu` WHERE  `parent_id` = 93  AND `status` = 1 ORDER BY `list_order` ASC [ RunTime:0.003579s ]
[2024-01-09T12:18:11+08:00][sql] SELECT * FROM `cmf_admin_menu` WHERE  `parent_id` = 171  AND `status` = 1 ORDER BY `list_order` ASC [ RunTime:0.003343s ]
[2024-01-09T12:18:11+08:00][sql] SELECT * FROM `cmf_admin_menu` WHERE  `parent_id` = 110  AND `status` = 1 ORDER BY `list_order` ASC [ RunTime:0.004048s ]
[2024-01-09T12:18:11+08:00][sql] SELECT * FROM `cmf_admin_menu` WHERE  `parent_id` = 49  AND `status` = 1 ORDER BY `list_order` ASC [ RunTime:0.002164s ]
[2024-01-09T12:18:11+08:00][sql] SELECT * FROM `cmf_admin_menu` WHERE  `parent_id` = 50  AND `status` = 1 ORDER BY `list_order` ASC [ RunTime:0.005516s ]
[2024-01-09T12:18:11+08:00][sql] SELECT * FROM `cmf_admin_menu` WHERE  `parent_id` = 111  AND `status` = 1 ORDER BY `list_order` ASC [ RunTime:0.006913s ]
[2024-01-09T12:18:11+08:00][sql] SELECT * FROM `cmf_admin_menu` WHERE  `parent_id` = 180  AND `status` = 1 ORDER BY `list_order` ASC [ RunTime:0.002729s ]
[2024-01-09T12:18:11+08:00][sql] SELECT * FROM `cmf_admin_menu` WHERE  `parent_id` = 123  AND `status` = 1 ORDER BY `list_order` ASC [ RunTime:0.002218s ]
[2024-01-09T12:18:11+08:00][sql] SELECT * FROM `cmf_admin_menu` WHERE  `parent_id` = 124  AND `status` = 1 ORDER BY `list_order` ASC [ RunTime:0.004999s ]
[2024-01-09T12:18:11+08:00][sql] SELECT * FROM `cmf_admin_menu` WHERE  `parent_id` = 199  AND `status` = 1 ORDER BY `list_order` ASC [ RunTime:0.003073s ]
[2024-01-09T12:18:11+08:00][sql] SELECT * FROM `cmf_admin_menu` WHERE  `parent_id` = 206  AND `status` = 1 ORDER BY `list_order` ASC [ RunTime:0.002511s ]
[2024-01-09T12:18:11+08:00][sql] SELECT * FROM `cmf_admin_menu` WHERE  `parent_id` = 214  AND `status` = 1 ORDER BY `list_order` ASC [ RunTime:0.002488s ]
[2024-01-09T12:18:11+08:00][sql] SELECT * FROM `cmf_admin_menu` WHERE  `parent_id` = 218  AND `status` = 1 ORDER BY `list_order` ASC [ RunTime:0.004709s ]
[2024-01-09T12:18:11+08:00][sql] SELECT * FROM `cmf_admin_menu` WHERE  `parent_id` = 219  AND `status` = 1 ORDER BY `list_order` ASC [ RunTime:0.003042s ]
[2024-01-09T12:18:11+08:00][sql] SELECT * FROM `cmf_admin_menu` WHERE  `parent_id` = 226  AND `status` = 1 ORDER BY `list_order` ASC [ RunTime:0.002644s ]
[2024-01-09T12:18:11+08:00][sql] SELECT * FROM `cmf_admin_menu` WHERE  `parent_id` = 228  AND `status` = 1 ORDER BY `list_order` ASC [ RunTime:0.002325s ]
[2024-01-09T12:18:11+08:00][sql] SELECT * FROM `cmf_admin_menu` WHERE  `parent_id` = 229  AND `status` = 1 ORDER BY `list_order` ASC [ RunTime:0.003202s ]
[2024-01-09T12:18:11+08:00][sql] SELECT * FROM `cmf_admin_menu` WHERE  `parent_id` = 232  AND `status` = 1 ORDER BY `list_order` ASC [ RunTime:0.008183s ]
[2024-01-09T12:18:11+08:00][sql] SELECT * FROM `cmf_admin_menu` WHERE  `parent_id` = 238  AND `status` = 1 ORDER BY `list_order` ASC [ RunTime:0.002755s ]
[2024-01-09T12:18:11+08:00][sql] SELECT * FROM `cmf_admin_menu` WHERE  `parent_id` = 241  AND `status` = 1 ORDER BY `list_order` ASC [ RunTime:0.005035s ]
[2024-01-09T12:18:11+08:00][sql] SELECT * FROM `cmf_admin_menu` WHERE  `parent_id` = 261  AND `status` = 1 ORDER BY `list_order` ASC [ RunTime:0.002735s ]
[2024-01-09T12:18:11+08:00][sql] SELECT * FROM `cmf_admin_menu` WHERE  `parent_id` = 268  AND `status` = 1 ORDER BY `list_order` ASC [ RunTime:0.002068s ]
[2024-01-09T12:18:11+08:00][sql] SELECT * FROM `cmf_admin_menu` WHERE  `parent_id` = 269  AND `status` = 1 ORDER BY `list_order` ASC [ RunTime:0.001992s ]
[2024-01-09T12:18:11+08:00][sql] SELECT * FROM `cmf_admin_menu` WHERE  `parent_id` = 276  AND `status` = 1 ORDER BY `list_order` ASC [ RunTime:0.002015s ]
[2024-01-09T12:18:11+08:00][sql] SELECT * FROM `cmf_admin_menu` WHERE  `parent_id` = 279  AND `status` = 1 ORDER BY `list_order` ASC [ RunTime:0.002050s ]
[2024-01-09T12:18:11+08:00][sql] SELECT * FROM `cmf_admin_menu` WHERE  `parent_id` = 598  AND `status` = 1 ORDER BY `list_order` ASC [ RunTime:0.001746s ]
[2024-01-09T12:18:11+08:00][sql] SELECT * FROM `cmf_admin_menu` WHERE  `parent_id` = 281  AND `status` = 1 ORDER BY `list_order` ASC [ RunTime:0.003925s ]
[2024-01-09T12:18:11+08:00][sql] SELECT * FROM `cmf_admin_menu` WHERE  `parent_id` = 282  AND `status` = 1 ORDER BY `list_order` ASC [ RunTime:0.004654s ]
[2024-01-09T12:18:11+08:00][sql] SELECT * FROM `cmf_admin_menu` WHERE  `parent_id` = 290  AND `status` = 1 ORDER BY `list_order` ASC [ RunTime:0.004531s ]
[2024-01-09T12:18:11+08:00][sql] SELECT * FROM `cmf_admin_menu` WHERE  `parent_id` = 291  AND `status` = 1 ORDER BY `list_order` ASC [ RunTime:0.006501s ]
[2024-01-09T12:18:11+08:00][sql] SELECT * FROM `cmf_admin_menu` WHERE  `parent_id` = 292  AND `status` = 1 ORDER BY `list_order` ASC [ RunTime:0.002579s ]
[2024-01-09T12:18:11+08:00][sql] SELECT * FROM `cmf_admin_menu` WHERE  `parent_id` = 293  AND `status` = 1 ORDER BY `list_order` ASC [ RunTime:0.002043s ]
[2024-01-09T12:18:11+08:00][sql] SELECT * FROM `cmf_admin_menu` WHERE  `parent_id` = 294  AND `status` = 1 ORDER BY `list_order` ASC [ RunTime:0.002280s ]
[2024-01-09T12:18:11+08:00][sql] SELECT * FROM `cmf_admin_menu` WHERE  `parent_id` = 302  AND `status` = 1 ORDER BY `list_order` ASC [ RunTime:0.002774s ]
[2024-01-09T12:18:11+08:00][sql] SELECT * FROM `cmf_admin_menu` WHERE  `parent_id` = 309  AND `status` = 1 ORDER BY `list_order` ASC [ RunTime:0.002232s ]
[2024-01-09T12:18:11+08:00][sql] SELECT * FROM `cmf_admin_menu` WHERE  `parent_id` = 312  AND `status` = 1 ORDER BY `list_order` ASC [ RunTime:0.005841s ]
[2024-01-09T12:18:11+08:00][sql] SELECT * FROM `cmf_admin_menu` WHERE  `parent_id` = 313  AND `status` = 1 ORDER BY `list_order` ASC [ RunTime:0.004182s ]
[2024-01-09T12:18:11+08:00][sql] SELECT * FROM `cmf_admin_menu` WHERE  `parent_id` = 321  AND `status` = 1 ORDER BY `list_order` ASC [ RunTime:0.004642s ]
[2024-01-09T12:18:11+08:00][sql] SELECT * FROM `cmf_admin_menu` WHERE  `parent_id` = 329  AND `status` = 1 ORDER BY `list_order` ASC [ RunTime:0.004570s ]
[2024-01-09T12:18:11+08:00][sql] SELECT * FROM `cmf_admin_menu` WHERE  `parent_id` = 336  AND `status` = 1 ORDER BY `list_order` ASC [ RunTime:0.004160s ]
[2024-01-09T12:18:11+08:00][sql] SELECT * FROM `cmf_admin_menu` WHERE  `parent_id` = 337  AND `status` = 1 ORDER BY `list_order` ASC [ RunTime:0.003071s ]
[2024-01-09T12:18:11+08:00][sql] SELECT * FROM `cmf_admin_menu` WHERE  `parent_id` = 338  AND `status` = 1 ORDER BY `list_order` ASC [ RunTime:0.003090s ]
[2024-01-09T12:18:11+08:00][sql] SELECT * FROM `cmf_admin_menu` WHERE  `parent_id` = 339  AND `status` = 1 ORDER BY `list_order` ASC [ RunTime:0.001997s ]
[2024-01-09T12:18:11+08:00][sql] SELECT * FROM `cmf_admin_menu` WHERE  `parent_id` = 340  AND `status` = 1 ORDER BY `list_order` ASC [ RunTime:0.001610s ]
[2024-01-09T12:18:11+08:00][sql] SELECT * FROM `cmf_admin_menu` WHERE  `parent_id` = 351  AND `status` = 1 ORDER BY `list_order` ASC [ RunTime:0.001677s ]
[2024-01-09T12:18:11+08:00][sql] SELECT * FROM `cmf_admin_menu` WHERE  `parent_id` = 358  AND `status` = 1 ORDER BY `list_order` ASC [ RunTime:0.002178s ]
[2024-01-09T12:18:11+08:00][sql] SELECT * FROM `cmf_admin_menu` WHERE  `parent_id` = 360  AND `status` = 1 ORDER BY `list_order` ASC [ RunTime:0.003840s ]
[2024-01-09T12:18:11+08:00][sql] SELECT * FROM `cmf_admin_menu` WHERE  `parent_id` = 365  AND `status` = 1 ORDER BY `list_order` ASC [ RunTime:0.002431s ]
[2024-01-09T12:18:11+08:00][sql] SELECT * FROM `cmf_admin_menu` WHERE  `parent_id` = 366  AND `status` = 1 ORDER BY `list_order` ASC [ RunTime:0.002180s ]
[2024-01-09T12:18:11+08:00][sql] SELECT * FROM `cmf_admin_menu` WHERE  `parent_id` = 371  AND `status` = 1 ORDER BY `list_order` ASC [ RunTime:0.001928s ]
[2024-01-09T12:18:11+08:00][sql] SELECT * FROM `cmf_admin_menu` WHERE  `parent_id` = 372  AND `status` = 1 ORDER BY `list_order` ASC [ RunTime:0.004481s ]
[2024-01-09T12:18:11+08:00][sql] SELECT * FROM `cmf_admin_menu` WHERE  `parent_id` = 373  AND `status` = 1 ORDER BY `list_order` ASC [ RunTime:0.001928s ]
[2024-01-09T12:18:11+08:00][sql] SELECT * FROM `cmf_admin_menu` WHERE  `parent_id` = 374  AND `status` = 1 ORDER BY `list_order` ASC [ RunTime:0.002231s ]
[2024-01-09T12:18:11+08:00][sql] SELECT * FROM `cmf_admin_menu` WHERE  `parent_id` = 381  AND `status` = 1 ORDER BY `list_order` ASC [ RunTime:0.001658s ]
[2024-01-09T12:18:11+08:00][sql] SELECT * FROM `cmf_admin_menu` WHERE  `parent_id` = 384  AND `status` = 1 ORDER BY `list_order` ASC [ RunTime:0.002785s ]
[2024-01-09T12:18:11+08:00][sql] SELECT * FROM `cmf_admin_menu` WHERE  `parent_id` = 388  AND `status` = 1 ORDER BY `list_order` ASC [ RunTime:0.001828s ]
[2024-01-09T12:18:11+08:00][sql] SELECT * FROM `cmf_admin_menu` WHERE  `parent_id` = 390  AND `status` = 1 ORDER BY `list_order` ASC [ RunTime:0.001762s ]
[2024-01-09T12:18:11+08:00][sql] SELECT * FROM `cmf_admin_menu` WHERE  `parent_id` = 394  AND `status` = 1 ORDER BY `list_order` ASC [ RunTime:0.002491s ]
[2024-01-09T12:18:11+08:00][sql] SELECT * FROM `cmf_admin_menu` WHERE  `parent_id` = 395  AND `status` = 1 ORDER BY `list_order` ASC [ RunTime:0.001927s ]
[2024-01-09T12:18:11+08:00][sql] SELECT * FROM `cmf_admin_menu` WHERE  `parent_id` = 396  AND `status` = 1 ORDER BY `list_order` ASC [ RunTime:0.003861s ]
[2024-01-09T12:18:11+08:00][sql] SELECT * FROM `cmf_admin_menu` WHERE  `parent_id` = 404  AND `status` = 1 ORDER BY `list_order` ASC [ RunTime:0.003508s ]
[2024-01-09T12:18:11+08:00][sql] SELECT * FROM `cmf_admin_menu` WHERE  `parent_id` = 410  AND `status` = 1 ORDER BY `list_order` ASC [ RunTime:0.002435s ]
[2024-01-09T12:18:11+08:00][sql] SELECT * FROM `cmf_admin_menu` WHERE  `parent_id` = 414  AND `status` = 1 ORDER BY `list_order` ASC [ RunTime:0.003083s ]
[2024-01-09T12:18:11+08:00][sql] SELECT * FROM `cmf_admin_menu` WHERE  `parent_id` = 415  AND `status` = 1 ORDER BY `list_order` ASC [ RunTime:0.002151s ]
[2024-01-09T12:18:11+08:00][sql] SELECT * FROM `cmf_admin_menu` WHERE  `parent_id` = 422  AND `status` = 1 ORDER BY `list_order` ASC [ RunTime:0.005240s ]
[2024-01-09T12:18:11+08:00][sql] SELECT * FROM `cmf_admin_menu` WHERE  `parent_id` = 430  AND `status` = 1 ORDER BY `list_order` ASC [ RunTime:0.001836s ]
[2024-01-09T12:18:11+08:00][sql] SELECT * FROM `cmf_admin_menu` WHERE  `parent_id` = 591  AND `status` = 1 ORDER BY `list_order` ASC [ RunTime:0.001925s ]
[2024-01-09T12:18:11+08:00][sql] SELECT * FROM `cmf_admin_menu` WHERE  `parent_id` = 592  AND `status` = 1 ORDER BY `list_order` ASC [ RunTime:0.002100s ]
[2024-01-09T12:18:11+08:00][sql] SELECT * FROM `cmf_admin_menu` WHERE  `parent_id` = 437  AND `status` = 1 ORDER BY `list_order` ASC [ RunTime:0.002298s ]
[2024-01-09T12:18:11+08:00][sql] SELECT * FROM `cmf_admin_menu` WHERE  `parent_id` = 439  AND `status` = 1 ORDER BY `list_order` ASC [ RunTime:0.001724s ]
[2024-01-09T12:18:11+08:00][sql] SELECT * FROM `cmf_admin_menu` WHERE  `parent_id` = 446  AND `status` = 1 ORDER BY `list_order` ASC [ RunTime:0.001981s ]
[2024-01-09T12:18:11+08:00][sql] SELECT * FROM `cmf_admin_menu` WHERE  `parent_id` = 447  AND `status` = 1 ORDER BY `list_order` ASC [ RunTime:0.002842s ]
[2024-01-09T12:18:11+08:00][sql] SELECT * FROM `cmf_admin_menu` WHERE  `parent_id` = 448  AND `status` = 1 ORDER BY `list_order` ASC [ RunTime:0.001733s ]
[2024-01-09T12:18:11+08:00][sql] SELECT * FROM `cmf_admin_menu` WHERE  `parent_id` = 459  AND `status` = 1 ORDER BY `list_order` ASC [ RunTime:0.001732s ]
[2024-01-09T12:18:11+08:00][sql] SELECT * FROM `cmf_admin_menu` WHERE  `parent_id` = 460  AND `status` = 1 ORDER BY `list_order` ASC [ RunTime:0.002430s ]
[2024-01-09T12:18:11+08:00][sql] SELECT * FROM `cmf_admin_menu` WHERE  `parent_id` = 461  AND `status` = 1 ORDER BY `list_order` ASC [ RunTime:0.001872s ]
[2024-01-09T12:18:11+08:00][sql] SELECT * FROM `cmf_admin_menu` WHERE  `parent_id` = 462  AND `status` = 1 ORDER BY `list_order` ASC [ RunTime:0.004123s ]
[2024-01-09T12:18:11+08:00][sql] SELECT * FROM `cmf_admin_menu` WHERE  `parent_id` = 463  AND `status` = 1 ORDER BY `list_order` ASC [ RunTime:0.004018s ]
[2024-01-09T12:18:11+08:00][sql] SELECT * FROM `cmf_admin_menu` WHERE  `parent_id` = 469  AND `status` = 1 ORDER BY `list_order` ASC [ RunTime:0.001572s ]
[2024-01-09T12:18:11+08:00][sql] SELECT * FROM `cmf_admin_menu` WHERE  `parent_id` = 471  AND `status` = 1 ORDER BY `list_order` ASC [ RunTime:0.004078s ]
[2024-01-09T12:18:11+08:00][sql] SELECT * FROM `cmf_admin_menu` WHERE  `parent_id` = 484  AND `status` = 1 ORDER BY `list_order` ASC [ RunTime:0.001808s ]
[2024-01-09T12:18:11+08:00][sql] SELECT * FROM `cmf_admin_menu` WHERE  `parent_id` = 485  AND `status` = 1 ORDER BY `list_order` ASC [ RunTime:0.001818s ]
[2024-01-09T12:18:11+08:00][sql] SELECT * FROM `cmf_admin_menu` WHERE  `parent_id` = 487  AND `status` = 1 ORDER BY `list_order` ASC [ RunTime:0.002284s ]
[2024-01-09T12:18:11+08:00][sql] SELECT * FROM `cmf_admin_menu` WHERE  `parent_id` = 494  AND `status` = 1 ORDER BY `list_order` ASC [ RunTime:0.001970s ]
[2024-01-09T12:18:11+08:00][sql] SELECT * FROM `cmf_admin_menu` WHERE  `parent_id` = 501  AND `status` = 1 ORDER BY `list_order` ASC [ RunTime:0.001675s ]
[2024-01-09T12:18:11+08:00][sql] SELECT * FROM `cmf_admin_menu` WHERE  `parent_id` = 508  AND `status` = 1 ORDER BY `list_order` ASC [ RunTime:0.003919s ]
[2024-01-09T12:18:11+08:00][sql] SELECT * FROM `cmf_admin_menu` WHERE  `parent_id` = 515  AND `status` = 1 ORDER BY `list_order` ASC [ RunTime:0.001637s ]
[2024-01-09T12:18:11+08:00][sql] SELECT * FROM `cmf_admin_menu` WHERE  `parent_id` = 519  AND `status` = 1 ORDER BY `list_order` ASC [ RunTime:0.002493s ]
[2024-01-09T12:18:11+08:00][sql] SELECT * FROM `cmf_admin_menu` WHERE  `parent_id` = 524  AND `status` = 1 ORDER BY `list_order` ASC [ RunTime:0.003228s ]
[2024-01-09T12:18:11+08:00][sql] SELECT * FROM `cmf_admin_menu` WHERE  `parent_id` = 525  AND `status` = 1 ORDER BY `list_order` ASC [ RunTime:0.001850s ]
[2024-01-09T12:18:11+08:00][sql] SELECT * FROM `cmf_admin_menu` WHERE  `parent_id` = 532  AND `status` = 1 ORDER BY `list_order` ASC [ RunTime:0.001925s ]
[2024-01-09T12:18:11+08:00][sql] SELECT * FROM `cmf_admin_menu` WHERE  `parent_id` = 536  AND `status` = 1 ORDER BY `list_order` ASC [ RunTime:0.003149s ]
[2024-01-09T12:18:11+08:00][sql] SELECT * FROM `cmf_admin_menu` WHERE  `parent_id` = 537  AND `status` = 1 ORDER BY `list_order` ASC [ RunTime:0.001727s ]
[2024-01-09T12:18:11+08:00][sql] SELECT * FROM `cmf_admin_menu` WHERE  `parent_id` = 541  AND `status` = 1 ORDER BY `list_order` ASC [ RunTime:0.001981s ]
[2024-01-09T12:18:11+08:00][sql] SELECT * FROM `cmf_admin_menu` WHERE  `parent_id` = 542  AND `status` = 1 ORDER BY `list_order` ASC [ RunTime:0.002857s ]
[2024-01-09T12:18:11+08:00][sql] SELECT * FROM `cmf_admin_menu` WHERE  `parent_id` = 543  AND `status` = 1 ORDER BY `list_order` ASC [ RunTime:0.001852s ]
[2024-01-09T12:18:11+08:00][sql] SELECT * FROM `cmf_admin_menu` WHERE  `parent_id` = 547  AND `status` = 1 ORDER BY `list_order` ASC [ RunTime:0.001694s ]
[2024-01-09T12:18:11+08:00][sql] SELECT * FROM `cmf_admin_menu` WHERE  `parent_id` = 551  AND `status` = 1 ORDER BY `list_order` ASC [ RunTime:0.001669s ]
[2024-01-09T12:18:11+08:00][sql] SELECT * FROM `cmf_admin_menu` WHERE  `parent_id` = 552  AND `status` = 1 ORDER BY `list_order` ASC [ RunTime:0.002803s ]
[2024-01-09T12:18:11+08:00][sql] SELECT * FROM `cmf_admin_menu` WHERE  `parent_id` = 553  AND `status` = 1 ORDER BY `list_order` ASC [ RunTime:0.001924s ]
[2024-01-09T12:18:11+08:00][sql] SELECT * FROM `cmf_admin_menu` WHERE  `parent_id` = 554  AND `status` = 1 ORDER BY `list_order` ASC [ RunTime:0.001799s ]
[2024-01-09T12:18:11+08:00][sql] SELECT * FROM `cmf_admin_menu` WHERE  `parent_id` = 572  AND `status` = 1 ORDER BY `list_order` ASC [ RunTime:0.002080s ]
[2024-01-09T12:18:11+08:00][sql] SELECT * FROM `cmf_admin_menu` WHERE  `parent_id` = 573  AND `status` = 1 ORDER BY `list_order` ASC [ RunTime:0.002263s ]
[2024-01-09T12:18:11+08:00][sql] SELECT * FROM `cmf_admin_menu` WHERE  `parent_id` = 580  AND `status` = 1 ORDER BY `list_order` ASC [ RunTime:0.001846s ]
[2024-01-09T12:18:11+08:00][sql] SELECT * FROM `cmf_admin_menu` WHERE  `parent_id` = 584  AND `status` = 1 ORDER BY `list_order` ASC [ RunTime:0.003457s ]
[2024-01-09T12:18:11+08:00][sql] SELECT * FROM `cmf_admin_menu` WHERE  `parent_id` = 588  AND `status` = 1 ORDER BY `list_order` ASC [ RunTime:0.001688s ]
[2024-01-09T12:18:11+08:00][sql] SELECT * FROM `cmf_admin_menu` WHERE  `parent_id` = 561  AND `status` = 1 ORDER BY `list_order` ASC [ RunTime:0.007752s ]
[2024-01-09T12:18:11+08:00][sql] SELECT * FROM `cmf_admin_menu` WHERE  `parent_id` = 562  AND `status` = 1 ORDER BY `list_order` ASC [ RunTime:0.001969s ]
[2024-01-09T12:18:11+08:00][sql] SELECT * FROM `cmf_admin_menu` WHERE  `parent_id` = 565  AND `status` = 1 ORDER BY `list_order` ASC [ RunTime:0.012462s ]
[2024-01-09T12:18:11+08:00][sql] SELECT * FROM `cmf_admin_menu` WHERE  `parent_id` = 1  AND `status` = 1 ORDER BY `list_order` ASC [ RunTime:0.001900s ]
[2024-01-09T12:18:11+08:00][sql] SELECT * FROM `cmf_admin_menu` WHERE  `parent_id` = 42  AND `status` = 1 ORDER BY `list_order` ASC [ RunTime:0.002321s ]
[2024-01-09T12:18:11+08:00][sql] SELECT * FROM `cmf_admin_menu` ORDER BY `app` ASC,`controller` ASC,`action` ASC [ RunTime:0.008111s ]
[2024-01-09T12:18:12+08:00][sql] CONNECT:[ UseTime:0.002539s ] mysql:host=127.0.0.1;port=3306;dbname=doukang_live;charset=utf8mb4
[2024-01-09T12:18:12+08:00][sql] SHOW FULL COLUMNS FROM `cmf_hook` [ RunTime:0.007165s ]
[2024-01-09T12:18:12+08:00][sql] SELECT `hook`,`id` FROM `cmf_hook` WHERE  (  (  `app` = '' OR `app` = 'cmf' )  AND `type` = 3 ) OR `type` = 1 [ RunTime:0.008711s ]
[2024-01-09T12:18:12+08:00][sql] SHOW FULL COLUMNS FROM `cmf_hook_plugin` [ RunTime:0.008065s ]
[2024-01-09T12:18:12+08:00][sql] SELECT `hook`,`plugin` FROM `cmf_hook_plugin` WHERE  `status` = 1  AND `hook` IN ('app_begin','module_init','action_begin','view_filter','app_end','log_write','response_end','admin_init','home_init','send_mobile_verification_code','body_start','before_head_end','footer_start','before_footer','before_footer_end','before_body_end','left_sidebar_start','before_left_sidebar_end','right_sidebar_start','before_right_sidebar_end','comment','guestbook','switch_theme','after_content','before_content','log_write_done','switch_admin_theme','captcha_image') ORDER BY `list_order` ASC [ RunTime:0.002762s ]
[2024-01-09T12:18:12+08:00][sql] SHOW FULL COLUMNS FROM `cmf_user` [ RunTime:0.017430s ]
[2024-01-09T12:18:12+08:00][sql] SELECT * FROM `cmf_user` WHERE  `id` = 1 LIMIT 1 [ RunTime:0.003295s ]
[2024-01-09T12:18:12+08:00][sql] SELECT COUNT(*) AS think_count FROM `cmf_user` WHERE  ( user_type=2 ) LIMIT 1 [ RunTime:0.005052s ]
[2024-01-09T12:18:12+08:00][sql] SELECT count(id) as nums,source FROM `cmf_user` WHERE  ( user_type=2 ) GROUP BY `source` [ RunTime:0.005514s ]
[2024-01-09T12:18:12+08:00][sql] SELECT count(id) as nums,login_type FROM `cmf_user` WHERE  ( user_type=2 ) GROUP BY `login_type` ORDER BY `nums` DESC [ RunTime:0.002313s ]
[2024-01-09T12:18:12+08:00][sql] SELECT COUNT(*) AS think_count FROM `cmf_user` WHERE  ( user_type=2 ) LIMIT 1 [ RunTime:0.001903s ]
[2024-01-09T12:18:12+08:00][sql] SHOW FULL COLUMNS FROM `cmf_live` [ RunTime:0.015049s ]
[2024-01-09T12:18:12+08:00][sql] SELECT COUNT(*) AS think_count FROM `cmf_live` WHERE  ( islive=1 ) LIMIT 1 [ RunTime:0.012185s ]
[2024-01-09T12:18:12+08:00][sql] select sum(endtime - starttime) as times from cmf_live_record [ RunTime:0.012046s ]
[2024-01-09T12:18:12+08:00][sql] SHOW FULL COLUMNS FROM `cmf_live_record` [ RunTime:0.008266s ]
[2024-01-09T12:18:12+08:00][sql] SELECT COUNT(*) AS think_count FROM ( SELECT count(*) AS think_count FROM `cmf_live_record` WHERE  ( starttime >= 1704729600 and starttime<1704816000 ) GROUP BY `uid` ) `_group_count_` LIMIT 1 [ RunTime:0.006374s ]
[2024-01-09T12:18:12+08:00][sql] SELECT COUNT(*) AS think_count FROM `cmf_live_record` WHERE  ( starttime >= 1704729600 and starttime<1704816000 ) LIMIT 1 [ RunTime:0.002385s ]
[2024-01-09T12:18:12+08:00][sql] select sum(endtime - starttime) as times from cmf_live_record where starttime >= 1704729600 and starttime<1704816000 [ RunTime:0.001373s ]
[2024-01-09T12:18:12+08:00][sql] SELECT `id`,`user_nickname`,`avatar`,`avatar_thumb`,`votestotal` FROM `cmf_user` WHERE  ( user_type=2 ) ORDER BY `votestotal` DESC LIMIT 0,3 [ RunTime:0.001762s ]
[2024-01-09T12:18:12+08:00][sql] SELECT `id`,`user_nickname`,`avatar`,`avatar_thumb`,`consumption` FROM `cmf_user` WHERE  ( user_type=2 ) ORDER BY `consumption` DESC LIMIT 0,3 [ RunTime:0.001337s ]
[2024-01-09T12:18:12+08:00][sql] SHOW FULL COLUMNS FROM `cmf_charge_user` [ RunTime:0.010596s ]
[2024-01-09T12:18:12+08:00][sql] SELECT SUM(`money`) AS think_sum FROM `cmf_charge_user` WHERE  ( status=1 ) LIMIT 1 [ RunTime:0.008875s ]
[2024-01-09T12:18:12+08:00][sql] SELECT SUM(`money`) AS think_sum FROM `cmf_charge_user` WHERE  ( status=1 and addtime>=1704729600 and addtime<1704816000 ) LIMIT 1 [ RunTime:0.001860s ]
[2024-01-09T12:18:12+08:00][sql] SELECT SUM(`money`) AS think_sum FROM `cmf_charge_user` WHERE  ( status=1 and type=1 and addtime>=1704729600 and addtime<1704816000 ) LIMIT 1 [ RunTime:0.001205s ]
[2024-01-09T12:18:12+08:00][sql] SELECT SUM(`money`) AS think_sum FROM `cmf_charge_user` WHERE  ( status=1 and type=2 and addtime>=1704729600 and addtime<1704816000 ) LIMIT 1 [ RunTime:0.001223s ]
[2024-01-09T12:18:12+08:00][sql] SELECT SUM(`money`) AS think_sum FROM `cmf_charge_user` WHERE  ( status=1 and type=3 and addtime>=1704729600 and addtime<1704816000 ) LIMIT 1 [ RunTime:0.002028s ]
[2024-01-09T12:18:12+08:00][sql] SHOW FULL COLUMNS FROM `cmf_cash_record` [ RunTime:0.009515s ]
[2024-01-09T12:18:12+08:00][sql] SELECT SUM(`money`) AS think_sum FROM `cmf_cash_record` WHERE  ( status=0 and addtime>=1704729600 and addtime<1704816000 ) LIMIT 1 [ RunTime:0.008733s ]
[2024-01-09T12:18:12+08:00][sql] SELECT SUM(`money`) AS think_sum FROM `cmf_cash_record` WHERE  ( status=1 and addtime>=1704729600 and addtime<1704816000 ) LIMIT 1 [ RunTime:0.001596s ]
[2024-01-09T12:18:12+08:00][sql] SELECT COUNT(*) AS think_count FROM ( SELECT count(*) AS think_count FROM `cmf_cash_record` WHERE  ( addtime>=1704729600 and addtime<1704816000 ) GROUP BY `uid` ) `_group_count_` LIMIT 1 [ RunTime:0.004224s ]
[2024-01-09T12:18:12+08:00][sql] SELECT SUM(`money`) AS think_sum FROM `cmf_cash_record` WHERE  ( status=1 ) LIMIT 1 [ RunTime:0.001403s ]
[2024-01-09T12:18:12+08:00][sql] SHOW FULL COLUMNS FROM `cmf_shop_apply` [ RunTime:0.011251s ]
[2024-01-09T12:18:12+08:00][sql] SELECT COUNT(*) AS think_count FROM `cmf_shop_apply` WHERE  ( status=0 ) LIMIT 1 [ RunTime:0.012328s ]
[2024-01-09T12:18:12+08:00][sql] SHOW FULL COLUMNS FROM `cmf_shop_goods` [ RunTime:0.010581s ]
[2024-01-09T12:18:12+08:00][sql] SELECT COUNT(*) AS think_count FROM `cmf_shop_goods` WHERE  ( status=0 ) LIMIT 1 [ RunTime:0.008438s ]
[2024-01-09T12:18:12+08:00][sql] SHOW FULL COLUMNS FROM `cmf_shop_order_refund` [ RunTime:0.013927s ]
[2024-01-09T12:18:12+08:00][sql] SELECT COUNT(*) AS think_count FROM `cmf_shop_order_refund` WHERE  ( is_platform_interpose=1 and platform_result=0 ) LIMIT 1 [ RunTime:0.007504s ]
[2024-01-09T12:18:12+08:00][sql] SHOW FULL COLUMNS FROM `cmf_paidprogram` [ RunTime:0.009157s ]
[2024-01-09T12:18:12+08:00][sql] SELECT COUNT(*) AS think_count FROM `cmf_paidprogram` WHERE  ( status=0 ) LIMIT 1 [ RunTime:0.007193s ]
[2024-01-09T12:18:12+08:00][sql] SHOW FULL COLUMNS FROM `cmf_paidprogram_apply` [ RunTime:0.009214s ]
[2024-01-09T12:18:12+08:00][sql] SELECT COUNT(*) AS think_count FROM `cmf_paidprogram_apply` WHERE  ( status=0 ) LIMIT 1 [ RunTime:0.004982s ]
[2024-01-09T12:18:12+08:00][sql] SHOW FULL COLUMNS FROM `cmf_report` [ RunTime:0.009258s ]
[2024-01-09T12:18:12+08:00][sql] SELECT COUNT(*) AS think_count FROM `cmf_report` WHERE  ( status=0 ) LIMIT 1 [ RunTime:0.005465s ]
[2024-01-09T12:18:12+08:00][sql] SHOW FULL COLUMNS FROM `cmf_dynamic` [ RunTime:0.013771s ]
[2024-01-09T12:18:12+08:00][sql] SELECT COUNT(*) AS think_count FROM `cmf_dynamic` WHERE  ( isdel=0 and status=0 ) LIMIT 1 [ RunTime:0.011541s ]
[2024-01-09T12:18:12+08:00][sql] SHOW FULL COLUMNS FROM `cmf_dynamic_report` [ RunTime:0.009586s ]
[2024-01-09T12:18:12+08:00][sql] SELECT COUNT(*) AS think_count FROM `cmf_dynamic_report` WHERE  ( status=0 ) LIMIT 1 [ RunTime:0.010920s ]
[2024-01-09T12:18:12+08:00][sql] SHOW FULL COLUMNS FROM `cmf_video` [ RunTime:0.011309s ]
[2024-01-09T12:18:12+08:00][sql] SELECT COUNT(*) AS think_count FROM `cmf_video` WHERE  ( isdel=0 and status=0 ) LIMIT 1 [ RunTime:0.007117s ]
[2024-01-09T12:18:12+08:00][sql] SHOW FULL COLUMNS FROM `cmf_video_report` [ RunTime:0.007698s ]
[2024-01-09T12:18:12+08:00][sql] SELECT COUNT(*) AS think_count FROM `cmf_video_report` WHERE  ( status=0 ) LIMIT 1 [ RunTime:0.005468s ]
[2024-01-09T12:18:12+08:00][sql] SHOW FULL COLUMNS FROM `cmf_family` [ RunTime:0.009709s ]
[2024-01-09T12:18:12+08:00][sql] SELECT COUNT(*) AS think_count FROM `cmf_family` WHERE  ( state=0 ) LIMIT 1 [ RunTime:0.008765s ]
[2024-01-09T12:18:12+08:00][sql] SHOW FULL COLUMNS FROM `cmf_family_user_divide_apply` [ RunTime:0.008401s ]
[2024-01-09T12:18:12+08:00][sql] SELECT COUNT(*) AS think_count FROM `cmf_family_user_divide_apply` WHERE  ( status=0 ) LIMIT 1 [ RunTime:0.008081s ]
[2024-01-09T12:18:12+08:00][sql] SHOW FULL COLUMNS FROM `cmf_user_auth` [ RunTime:0.008438s ]
[2024-01-09T12:18:12+08:00][sql] SELECT COUNT(*) AS think_count FROM `cmf_user_auth` WHERE  ( status=0 ) LIMIT 1 [ RunTime:0.004971s ]
