[2024-01-10T12:40:05+08:00][sql] CONNECT:[ UseTime:0.038187s ] mysql:host=127.0.0.1;port=3306;dbname=doukang_live;charset=utf8mb4
[2024-01-10T12:40:05+08:00][sql] SHOW FULL COLUMNS FROM `cmf_hook` [ RunTime:0.018810s ]
[2024-01-10T12:40:05+08:00][sql] SELECT `hook`,`id` FROM `cmf_hook` WHERE  (  (  `app` = '' OR `app` = 'cmf' )  AND `type` = 3 ) OR `type` = 1 [ RunTime:0.003345s ]
[2024-01-10T12:40:05+08:00][sql] SHOW FULL COLUMNS FROM `cmf_hook_plugin` [ RunTime:0.011190s ]
[2024-01-10T12:40:05+08:00][sql] SELECT `hook`,`plugin` FROM `cmf_hook_plugin` WHERE  `status` = 1  AND `hook` IN ('app_begin','module_init','action_begin','view_filter','app_end','log_write','response_end','admin_init','home_init','send_mobile_verification_code','body_start','before_head_end','footer_start','before_footer','before_footer_end','before_body_end','left_sidebar_start','before_left_sidebar_end','right_sidebar_start','before_right_sidebar_end','comment','guestbook','switch_theme','after_content','before_content','log_write_done','switch_admin_theme','captcha_image') ORDER BY `list_order` ASC [ RunTime:0.003049s ]
[2024-01-10T12:40:05+08:00][sql] SELECT `hook` FROM `cmf_hook` WHERE  `app` = 'papi' [ RunTime:0.001926s ]
[2024-01-10T12:40:05+08:00][sql] SELECT `hook`,`plugin` FROM `cmf_hook_plugin` WHERE  `status` = 1  AND 0 = 1 ORDER BY `list_order` ASC [ RunTime:0.001197s ]
[2024-01-10T12:44:58+08:00][sql] CONNECT:[ UseTime:0.004162s ] mysql:host=127.0.0.1;port=3306;dbname=doukang_live;charset=utf8mb4
[2024-01-10T12:44:58+08:00][sql] SHOW FULL COLUMNS FROM `cmf_hook` [ RunTime:0.021523s ]
[2024-01-10T12:44:58+08:00][sql] SELECT `hook`,`id` FROM `cmf_hook` WHERE  (  (  `app` = '' OR `app` = 'cmf' )  AND `type` = 3 ) OR `type` = 1 [ RunTime:0.003337s ]
[2024-01-10T12:44:58+08:00][sql] SHOW FULL COLUMNS FROM `cmf_hook_plugin` [ RunTime:0.006544s ]
[2024-01-10T12:44:58+08:00][sql] SELECT `hook`,`plugin` FROM `cmf_hook_plugin` WHERE  `status` = 1  AND `hook` IN ('app_begin','module_init','action_begin','view_filter','app_end','log_write','response_end','admin_init','home_init','send_mobile_verification_code','body_start','before_head_end','footer_start','before_footer','before_footer_end','before_body_end','left_sidebar_start','before_left_sidebar_end','right_sidebar_start','before_right_sidebar_end','comment','guestbook','switch_theme','after_content','before_content','log_write_done','switch_admin_theme','captcha_image') ORDER BY `list_order` ASC [ RunTime:0.002195s ]
[2024-01-10T12:44:58+08:00][sql] SHOW FULL COLUMNS FROM `cmf_plugin` [ RunTime:0.007849s ]
[2024-01-10T12:44:58+08:00][sql] SELECT `config` FROM `cmf_plugin` WHERE  `name` = 'Qiniu' LIMIT 1 [ RunTime:0.002422s ]
[2024-01-10T12:44:58+08:00][error] [0]variable type error： array[/Users/wumm/Sites/doukanglive/doukang_live/vendor/topthink/framework/src/think/Response.php:395]
[2024-01-10T12:45:27+08:00][sql] CONNECT:[ UseTime:0.034273s ] mysql:host=127.0.0.1;port=3306;dbname=doukang_live;charset=utf8mb4
[2024-01-10T12:45:27+08:00][sql] SHOW FULL COLUMNS FROM `cmf_hook` [ RunTime:0.021861s ]
[2024-01-10T12:45:27+08:00][sql] SELECT `hook`,`id` FROM `cmf_hook` WHERE  (  (  `app` = '' OR `app` = 'cmf' )  AND `type` = 3 ) OR `type` = 1 [ RunTime:0.003625s ]
[2024-01-10T12:45:27+08:00][sql] SHOW FULL COLUMNS FROM `cmf_hook_plugin` [ RunTime:0.007354s ]
[2024-01-10T12:45:27+08:00][sql] SELECT `hook`,`plugin` FROM `cmf_hook_plugin` WHERE  `status` = 1  AND `hook` IN ('app_begin','module_init','action_begin','view_filter','app_end','log_write','response_end','admin_init','home_init','send_mobile_verification_code','body_start','before_head_end','footer_start','before_footer','before_footer_end','before_body_end','left_sidebar_start','before_left_sidebar_end','right_sidebar_start','before_right_sidebar_end','comment','guestbook','switch_theme','after_content','before_content','log_write_done','switch_admin_theme','captcha_image') ORDER BY `list_order` ASC [ RunTime:0.003133s ]
[2024-01-10T12:45:27+08:00][sql] SHOW FULL COLUMNS FROM `cmf_plugin` [ RunTime:0.007755s ]
[2024-01-10T12:45:27+08:00][sql] SELECT `config` FROM `cmf_plugin` WHERE  `name` = 'Qiniu' LIMIT 1 [ RunTime:0.002795s ]
[2024-01-10T12:45:27+08:00][error] [0]variable type error： array[/Users/wumm/Sites/doukanglive/doukang_live/vendor/topthink/framework/src/think/Response.php:395]
[2024-01-10T12:45:29+08:00][sql] CONNECT:[ UseTime:0.010762s ] mysql:host=127.0.0.1;port=3306;dbname=doukang_live;charset=utf8mb4
[2024-01-10T12:45:29+08:00][sql] SHOW FULL COLUMNS FROM `cmf_hook` [ RunTime:0.014747s ]
[2024-01-10T12:45:29+08:00][sql] SELECT `hook`,`id` FROM `cmf_hook` WHERE  (  (  `app` = '' OR `app` = 'cmf' )  AND `type` = 3 ) OR `type` = 1 [ RunTime:0.003074s ]
[2024-01-10T12:45:29+08:00][sql] SHOW FULL COLUMNS FROM `cmf_hook_plugin` [ RunTime:0.006779s ]
[2024-01-10T12:45:29+08:00][sql] SELECT `hook`,`plugin` FROM `cmf_hook_plugin` WHERE  `status` = 1  AND `hook` IN ('app_begin','module_init','action_begin','view_filter','app_end','log_write','response_end','admin_init','home_init','send_mobile_verification_code','body_start','before_head_end','footer_start','before_footer','before_footer_end','before_body_end','left_sidebar_start','before_left_sidebar_end','right_sidebar_start','before_right_sidebar_end','comment','guestbook','switch_theme','after_content','before_content','log_write_done','switch_admin_theme','captcha_image') ORDER BY `list_order` ASC [ RunTime:0.002591s ]
[2024-01-10T12:45:29+08:00][sql] SHOW FULL COLUMNS FROM `cmf_plugin` [ RunTime:0.007178s ]
[2024-01-10T12:45:29+08:00][sql] SELECT `config` FROM `cmf_plugin` WHERE  `name` = 'Qiniu' LIMIT 1 [ RunTime:0.002162s ]
[2024-01-10T12:45:29+08:00][error] [0]variable type error： array[/Users/wumm/Sites/doukanglive/doukang_live/vendor/topthink/framework/src/think/Response.php:395]
[2024-01-10T12:46:01+08:00][sql] CONNECT:[ UseTime:0.004027s ] mysql:host=127.0.0.1;port=3306;dbname=doukang_live;charset=utf8mb4
[2024-01-10T12:46:01+08:00][sql] SHOW FULL COLUMNS FROM `cmf_hook` [ RunTime:0.011285s ]
[2024-01-10T12:46:01+08:00][sql] SELECT `hook`,`id` FROM `cmf_hook` WHERE  (  (  `app` = '' OR `app` = 'cmf' )  AND `type` = 3 ) OR `type` = 1 [ RunTime:0.003818s ]
[2024-01-10T12:46:01+08:00][sql] SHOW FULL COLUMNS FROM `cmf_hook_plugin` [ RunTime:0.020331s ]
[2024-01-10T12:46:01+08:00][sql] SELECT `hook`,`plugin` FROM `cmf_hook_plugin` WHERE  `status` = 1  AND `hook` IN ('app_begin','module_init','action_begin','view_filter','app_end','log_write','response_end','admin_init','home_init','send_mobile_verification_code','body_start','before_head_end','footer_start','before_footer','before_footer_end','before_body_end','left_sidebar_start','before_left_sidebar_end','right_sidebar_start','before_right_sidebar_end','comment','guestbook','switch_theme','after_content','before_content','log_write_done','switch_admin_theme','captcha_image') ORDER BY `list_order` ASC [ RunTime:0.003265s ]
[2024-01-10T12:46:01+08:00][sql] SHOW FULL COLUMNS FROM `cmf_plugin` [ RunTime:0.007527s ]
[2024-01-10T12:46:01+08:00][sql] SELECT `config` FROM `cmf_plugin` WHERE  `name` = 'Qiniu' LIMIT 1 [ RunTime:0.002280s ]
[2024-01-10T12:46:01+08:00][error] [0]variable type error： array[/Users/wumm/Sites/doukanglive/doukang_live/vendor/topthink/framework/src/think/Response.php:395]
[2024-01-10T12:47:59+08:00][sql] CONNECT:[ UseTime:0.016686s ] mysql:host=127.0.0.1;port=3306;dbname=doukang_live;charset=utf8mb4
[2024-01-10T12:47:59+08:00][sql] SHOW FULL COLUMNS FROM `cmf_hook` [ RunTime:0.012548s ]
[2024-01-10T12:47:59+08:00][sql] SELECT `hook`,`id` FROM `cmf_hook` WHERE  (  (  `app` = '' OR `app` = 'cmf' )  AND `type` = 3 ) OR `type` = 1 [ RunTime:0.002559s ]
[2024-01-10T12:47:59+08:00][sql] SHOW FULL COLUMNS FROM `cmf_hook_plugin` [ RunTime:0.006401s ]
[2024-01-10T12:47:59+08:00][sql] SELECT `hook`,`plugin` FROM `cmf_hook_plugin` WHERE  `status` = 1  AND `hook` IN ('app_begin','module_init','action_begin','view_filter','app_end','log_write','response_end','admin_init','home_init','send_mobile_verification_code','body_start','before_head_end','footer_start','before_footer','before_footer_end','before_body_end','left_sidebar_start','before_left_sidebar_end','right_sidebar_start','before_right_sidebar_end','comment','guestbook','switch_theme','after_content','before_content','log_write_done','switch_admin_theme','captcha_image') ORDER BY `list_order` ASC [ RunTime:0.002358s ]
[2024-01-10T12:47:59+08:00][sql] SHOW FULL COLUMNS FROM `cmf_plugin` [ RunTime:0.007345s ]
[2024-01-10T12:47:59+08:00][sql] SELECT `config` FROM `cmf_plugin` WHERE  `name` = 'Qiniu' LIMIT 1 [ RunTime:0.002311s ]
[2024-01-10T12:47:59+08:00][error] [0]variable type error： array[/Users/wumm/Sites/doukanglive/doukang_live/vendor/topthink/framework/src/think/Response.php:395]
[2024-01-10T12:48:04+08:00][sql] CONNECT:[ UseTime:0.005104s ] mysql:host=127.0.0.1;port=3306;dbname=doukang_live;charset=utf8mb4
[2024-01-10T12:48:04+08:00][sql] SHOW FULL COLUMNS FROM `cmf_hook` [ RunTime:0.017266s ]
[2024-01-10T12:48:04+08:00][sql] SELECT `hook`,`id` FROM `cmf_hook` WHERE  (  (  `app` = '' OR `app` = 'cmf' )  AND `type` = 3 ) OR `type` = 1 [ RunTime:0.002767s ]
[2024-01-10T12:48:04+08:00][sql] SHOW FULL COLUMNS FROM `cmf_hook_plugin` [ RunTime:0.006409s ]
[2024-01-10T12:48:04+08:00][sql] SELECT `hook`,`plugin` FROM `cmf_hook_plugin` WHERE  `status` = 1  AND `hook` IN ('app_begin','module_init','action_begin','view_filter','app_end','log_write','response_end','admin_init','home_init','send_mobile_verification_code','body_start','before_head_end','footer_start','before_footer','before_footer_end','before_body_end','left_sidebar_start','before_left_sidebar_end','right_sidebar_start','before_right_sidebar_end','comment','guestbook','switch_theme','after_content','before_content','log_write_done','switch_admin_theme','captcha_image') ORDER BY `list_order` ASC [ RunTime:0.002584s ]
[2024-01-10T12:48:04+08:00][sql] SHOW FULL COLUMNS FROM `cmf_plugin` [ RunTime:0.007066s ]
[2024-01-10T12:48:04+08:00][sql] SELECT `config` FROM `cmf_plugin` WHERE  `name` = 'Qiniu' LIMIT 1 [ RunTime:0.001545s ]
[2024-01-10T12:48:04+08:00][error] [0]variable type error： array[/Users/wumm/Sites/doukanglive/doukang_live/vendor/topthink/framework/src/think/Response.php:395]
[2024-01-10T12:50:08+08:00][sql] CONNECT:[ UseTime:0.009482s ] mysql:host=127.0.0.1;port=3306;dbname=doukang_live;charset=utf8mb4
[2024-01-10T12:50:08+08:00][sql] SHOW FULL COLUMNS FROM `cmf_hook` [ RunTime:0.021230s ]
[2024-01-10T12:50:08+08:00][sql] SELECT `hook`,`id` FROM `cmf_hook` WHERE  (  (  `app` = '' OR `app` = 'cmf' )  AND `type` = 3 ) OR `type` = 1 [ RunTime:0.003141s ]
[2024-01-10T12:50:08+08:00][sql] SHOW FULL COLUMNS FROM `cmf_hook_plugin` [ RunTime:0.008058s ]
[2024-01-10T12:50:08+08:00][sql] SELECT `hook`,`plugin` FROM `cmf_hook_plugin` WHERE  `status` = 1  AND `hook` IN ('app_begin','module_init','action_begin','view_filter','app_end','log_write','response_end','admin_init','home_init','send_mobile_verification_code','body_start','before_head_end','footer_start','before_footer','before_footer_end','before_body_end','left_sidebar_start','before_left_sidebar_end','right_sidebar_start','before_right_sidebar_end','comment','guestbook','switch_theme','after_content','before_content','log_write_done','switch_admin_theme','captcha_image') ORDER BY `list_order` ASC [ RunTime:0.006709s ]
[2024-01-10T12:50:08+08:00][sql] SHOW FULL COLUMNS FROM `cmf_plugin` [ RunTime:0.007670s ]
[2024-01-10T12:50:08+08:00][sql] SELECT `config` FROM `cmf_plugin` WHERE  `name` = 'Qiniu' LIMIT 1 [ RunTime:0.002065s ]
[2024-01-10T12:50:08+08:00][error] [0]variable type error： array[/Users/wumm/Sites/doukanglive/doukang_live/vendor/topthink/framework/src/think/Response.php:395]
[2024-01-10T12:50:12+08:00][sql] CONNECT:[ UseTime:0.009134s ] mysql:host=127.0.0.1;port=3306;dbname=doukang_live;charset=utf8mb4
[2024-01-10T12:50:12+08:00][sql] SHOW FULL COLUMNS FROM `cmf_hook` [ RunTime:0.016984s ]
[2024-01-10T12:50:12+08:00][sql] SELECT `hook`,`id` FROM `cmf_hook` WHERE  (  (  `app` = '' OR `app` = 'cmf' )  AND `type` = 3 ) OR `type` = 1 [ RunTime:0.002561s ]
[2024-01-10T12:50:12+08:00][sql] SHOW FULL COLUMNS FROM `cmf_hook_plugin` [ RunTime:0.006097s ]
[2024-01-10T12:50:12+08:00][sql] SELECT `hook`,`plugin` FROM `cmf_hook_plugin` WHERE  `status` = 1  AND `hook` IN ('app_begin','module_init','action_begin','view_filter','app_end','log_write','response_end','admin_init','home_init','send_mobile_verification_code','body_start','before_head_end','footer_start','before_footer','before_footer_end','before_body_end','left_sidebar_start','before_left_sidebar_end','right_sidebar_start','before_right_sidebar_end','comment','guestbook','switch_theme','after_content','before_content','log_write_done','switch_admin_theme','captcha_image') ORDER BY `list_order` ASC [ RunTime:0.002655s ]
[2024-01-10T12:50:12+08:00][sql] SHOW FULL COLUMNS FROM `cmf_plugin` [ RunTime:0.006918s ]
[2024-01-10T12:50:12+08:00][sql] SELECT `config` FROM `cmf_plugin` WHERE  `name` = 'Qiniu' LIMIT 1 [ RunTime:0.001821s ]
[2024-01-10T12:50:12+08:00][error] [2]json_decode() expects parameter 1 to be string, array given[/Users/wumm/Sites/doukanglive/doukang_live/app/wxshare/controller/LoginController.php:16]
[2024-01-10T12:50:13+08:00][sql] CONNECT:[ UseTime:0.008645s ] mysql:host=127.0.0.1;port=3306;dbname=doukang_live;charset=utf8mb4
[2024-01-10T12:50:13+08:00][sql] SHOW FULL COLUMNS FROM `cmf_hook` [ RunTime:0.018125s ]
[2024-01-10T12:50:13+08:00][sql] SELECT `hook`,`id` FROM `cmf_hook` WHERE  (  (  `app` = '' OR `app` = 'cmf' )  AND `type` = 3 ) OR `type` = 1 [ RunTime:0.002468s ]
[2024-01-10T12:50:13+08:00][sql] SHOW FULL COLUMNS FROM `cmf_hook_plugin` [ RunTime:0.006363s ]
[2024-01-10T12:50:13+08:00][sql] SELECT `hook`,`plugin` FROM `cmf_hook_plugin` WHERE  `status` = 1  AND `hook` IN ('app_begin','module_init','action_begin','view_filter','app_end','log_write','response_end','admin_init','home_init','send_mobile_verification_code','body_start','before_head_end','footer_start','before_footer','before_footer_end','before_body_end','left_sidebar_start','before_left_sidebar_end','right_sidebar_start','before_right_sidebar_end','comment','guestbook','switch_theme','after_content','before_content','log_write_done','switch_admin_theme','captcha_image') ORDER BY `list_order` ASC [ RunTime:0.002704s ]
[2024-01-10T12:50:13+08:00][sql] SHOW FULL COLUMNS FROM `cmf_plugin` [ RunTime:0.007915s ]
[2024-01-10T12:50:13+08:00][sql] SELECT `config` FROM `cmf_plugin` WHERE  `name` = 'Qiniu' LIMIT 1 [ RunTime:0.002108s ]
[2024-01-10T12:50:13+08:00][error] [2]json_decode() expects parameter 1 to be string, array given[/Users/wumm/Sites/doukanglive/doukang_live/app/wxshare/controller/LoginController.php:16]
[2024-01-10T12:50:15+08:00][sql] CONNECT:[ UseTime:0.028342s ] mysql:host=127.0.0.1;port=3306;dbname=doukang_live;charset=utf8mb4
[2024-01-10T12:50:15+08:00][sql] SHOW FULL COLUMNS FROM `cmf_hook` [ RunTime:0.017040s ]
[2024-01-10T12:50:15+08:00][sql] SELECT `hook`,`id` FROM `cmf_hook` WHERE  (  (  `app` = '' OR `app` = 'cmf' )  AND `type` = 3 ) OR `type` = 1 [ RunTime:0.002802s ]
[2024-01-10T12:50:15+08:00][sql] SHOW FULL COLUMNS FROM `cmf_hook_plugin` [ RunTime:0.006852s ]
[2024-01-10T12:50:15+08:00][sql] SELECT `hook`,`plugin` FROM `cmf_hook_plugin` WHERE  `status` = 1  AND `hook` IN ('app_begin','module_init','action_begin','view_filter','app_end','log_write','response_end','admin_init','home_init','send_mobile_verification_code','body_start','before_head_end','footer_start','before_footer','before_footer_end','before_body_end','left_sidebar_start','before_left_sidebar_end','right_sidebar_start','before_right_sidebar_end','comment','guestbook','switch_theme','after_content','before_content','log_write_done','switch_admin_theme','captcha_image') ORDER BY `list_order` ASC [ RunTime:0.002655s ]
[2024-01-10T12:50:15+08:00][sql] SHOW FULL COLUMNS FROM `cmf_plugin` [ RunTime:0.010534s ]
[2024-01-10T12:50:15+08:00][sql] SELECT `config` FROM `cmf_plugin` WHERE  `name` = 'Qiniu' LIMIT 1 [ RunTime:0.002235s ]
[2024-01-10T12:50:15+08:00][error] [2]json_decode() expects parameter 1 to be string, array given[/Users/wumm/Sites/doukanglive/doukang_live/app/wxshare/controller/LoginController.php:16]
[2024-01-10T12:50:27+08:00][sql] CONNECT:[ UseTime:0.026675s ] mysql:host=127.0.0.1;port=3306;dbname=doukang_live;charset=utf8mb4
[2024-01-10T12:50:27+08:00][sql] SHOW FULL COLUMNS FROM `cmf_hook` [ RunTime:0.018643s ]
[2024-01-10T12:50:27+08:00][sql] SELECT `hook`,`id` FROM `cmf_hook` WHERE  (  (  `app` = '' OR `app` = 'cmf' )  AND `type` = 3 ) OR `type` = 1 [ RunTime:0.003575s ]
[2024-01-10T12:50:27+08:00][sql] SHOW FULL COLUMNS FROM `cmf_hook_plugin` [ RunTime:0.007694s ]
[2024-01-10T12:50:27+08:00][sql] SELECT `hook`,`plugin` FROM `cmf_hook_plugin` WHERE  `status` = 1  AND `hook` IN ('app_begin','module_init','action_begin','view_filter','app_end','log_write','response_end','admin_init','home_init','send_mobile_verification_code','body_start','before_head_end','footer_start','before_footer','before_footer_end','before_body_end','left_sidebar_start','before_left_sidebar_end','right_sidebar_start','before_right_sidebar_end','comment','guestbook','switch_theme','after_content','before_content','log_write_done','switch_admin_theme','captcha_image') ORDER BY `list_order` ASC [ RunTime:0.002838s ]
[2024-01-10T12:50:27+08:00][sql] SHOW FULL COLUMNS FROM `cmf_plugin` [ RunTime:0.008159s ]
[2024-01-10T12:50:27+08:00][sql] SELECT `config` FROM `cmf_plugin` WHERE  `name` = 'Qiniu' LIMIT 1 [ RunTime:0.003112s ]
[2024-01-10T12:50:30+08:00][sql] CONNECT:[ UseTime:0.021225s ] mysql:host=127.0.0.1;port=3306;dbname=doukang_live;charset=utf8mb4
[2024-01-10T12:50:30+08:00][sql] SHOW FULL COLUMNS FROM `cmf_hook` [ RunTime:0.008469s ]
[2024-01-10T12:50:30+08:00][sql] SELECT `hook`,`id` FROM `cmf_hook` WHERE  (  (  `app` = '' OR `app` = 'cmf' )  AND `type` = 3 ) OR `type` = 1 [ RunTime:0.003064s ]
[2024-01-10T12:50:30+08:00][sql] SHOW FULL COLUMNS FROM `cmf_hook_plugin` [ RunTime:0.018422s ]
[2024-01-10T12:50:30+08:00][sql] SELECT `hook`,`plugin` FROM `cmf_hook_plugin` WHERE  `status` = 1  AND `hook` IN ('app_begin','module_init','action_begin','view_filter','app_end','log_write','response_end','admin_init','home_init','send_mobile_verification_code','body_start','before_head_end','footer_start','before_footer','before_footer_end','before_body_end','left_sidebar_start','before_left_sidebar_end','right_sidebar_start','before_right_sidebar_end','comment','guestbook','switch_theme','after_content','before_content','log_write_done','switch_admin_theme','captcha_image') ORDER BY `list_order` ASC [ RunTime:0.003104s ]
[2024-01-10T12:50:30+08:00][sql] SHOW FULL COLUMNS FROM `cmf_plugin` [ RunTime:0.008936s ]
[2024-01-10T12:50:30+08:00][sql] SELECT `config` FROM `cmf_plugin` WHERE  `name` = 'Qiniu' LIMIT 1 [ RunTime:0.001958s ]
[2024-01-10T13:58:30+08:00][error] [0]Call to undefined function PhalApi\DI()
[2024-01-10T14:43:42+08:00][sql] CONNECT:[ UseTime:0.016172s ] mysql:host=127.0.0.1;port=3306;dbname=doukang_live;charset=utf8mb4
[2024-01-10T14:43:42+08:00][sql] SHOW FULL COLUMNS FROM `cmf_hook` [ RunTime:0.025520s ]
[2024-01-10T14:43:42+08:00][sql] SELECT `hook`,`id` FROM `cmf_hook` WHERE  (  (  `app` = '' OR `app` = 'cmf' )  AND `type` = 3 ) OR `type` = 1 [ RunTime:0.003067s ]
[2024-01-10T14:43:42+08:00][sql] SHOW FULL COLUMNS FROM `cmf_hook_plugin` [ RunTime:0.006638s ]
[2024-01-10T14:43:42+08:00][sql] SELECT `hook`,`plugin` FROM `cmf_hook_plugin` WHERE  `status` = 1  AND `hook` IN ('app_begin','module_init','action_begin','view_filter','app_end','log_write','response_end','admin_init','home_init','send_mobile_verification_code','body_start','before_head_end','footer_start','before_footer','before_footer_end','before_body_end','left_sidebar_start','before_left_sidebar_end','right_sidebar_start','before_right_sidebar_end','comment','guestbook','switch_theme','after_content','before_content','log_write_done','switch_admin_theme','captcha_image') ORDER BY `list_order` ASC [ RunTime:0.002626s ]
[2024-01-10T14:43:42+08:00][sql] SHOW FULL COLUMNS FROM `cmf_plugin` [ RunTime:0.008201s ]
[2024-01-10T14:43:42+08:00][sql] SELECT `config` FROM `cmf_plugin` WHERE  `name` = 'Qiniu' LIMIT 1 [ RunTime:0.002051s ]
[2024-01-10T14:44:35+08:00][error] [0]AccessKey ID cannot be empty
[2024-01-10T14:44:57+08:00][sql] CONNECT:[ UseTime:0.004428s ] mysql:host=127.0.0.1;port=3306;dbname=doukang_live;charset=utf8mb4
[2024-01-10T14:44:57+08:00][sql] SHOW FULL COLUMNS FROM `cmf_hook` [ RunTime:0.007918s ]
[2024-01-10T14:44:57+08:00][sql] SELECT `hook`,`id` FROM `cmf_hook` WHERE  (  (  `app` = '' OR `app` = 'cmf' )  AND `type` = 3 ) OR `type` = 1 [ RunTime:0.002434s ]
[2024-01-10T14:44:57+08:00][sql] SHOW FULL COLUMNS FROM `cmf_hook_plugin` [ RunTime:0.007028s ]
[2024-01-10T14:44:57+08:00][sql] SELECT `hook`,`plugin` FROM `cmf_hook_plugin` WHERE  `status` = 1  AND `hook` IN ('app_begin','module_init','action_begin','view_filter','app_end','log_write','response_end','admin_init','home_init','send_mobile_verification_code','body_start','before_head_end','footer_start','before_footer','before_footer_end','before_body_end','left_sidebar_start','before_left_sidebar_end','right_sidebar_start','before_right_sidebar_end','comment','guestbook','switch_theme','after_content','before_content','log_write_done','switch_admin_theme','captcha_image') ORDER BY `list_order` ASC [ RunTime:0.002673s ]
[2024-01-10T14:44:57+08:00][sql] SHOW FULL COLUMNS FROM `cmf_plugin` [ RunTime:0.014599s ]
[2024-01-10T14:44:57+08:00][sql] SELECT `config` FROM `cmf_plugin` WHERE  `name` = 'Qiniu' LIMIT 1 [ RunTime:0.002748s ]
[2024-01-10T14:44:57+08:00][error] [0]AccessKey ID cannot be empty[/Users/wumm/Sites/doukanglive/doukang_live/vendor/alibabacloud/client/src/Filter/CredentialFilter.php:132]
[2024-01-10T14:45:16+08:00][sql] CONNECT:[ UseTime:0.052683s ] mysql:host=127.0.0.1;port=3306;dbname=doukang_live;charset=utf8mb4
[2024-01-10T14:45:16+08:00][sql] SHOW FULL COLUMNS FROM `cmf_hook` [ RunTime:0.016015s ]
[2024-01-10T14:45:16+08:00][sql] SELECT `hook`,`id` FROM `cmf_hook` WHERE  (  (  `app` = '' OR `app` = 'cmf' )  AND `type` = 3 ) OR `type` = 1 [ RunTime:0.003484s ]
[2024-01-10T14:45:16+08:00][sql] SHOW FULL COLUMNS FROM `cmf_hook_plugin` [ RunTime:0.007237s ]
[2024-01-10T14:45:16+08:00][sql] SELECT `hook`,`plugin` FROM `cmf_hook_plugin` WHERE  `status` = 1  AND `hook` IN ('app_begin','module_init','action_begin','view_filter','app_end','log_write','response_end','admin_init','home_init','send_mobile_verification_code','body_start','before_head_end','footer_start','before_footer','before_footer_end','before_body_end','left_sidebar_start','before_left_sidebar_end','right_sidebar_start','before_right_sidebar_end','comment','guestbook','switch_theme','after_content','before_content','log_write_done','switch_admin_theme','captcha_image') ORDER BY `list_order` ASC [ RunTime:0.003210s ]
[2024-01-10T14:45:16+08:00][sql] SHOW FULL COLUMNS FROM `cmf_plugin` [ RunTime:0.007817s ]
[2024-01-10T14:45:16+08:00][sql] SELECT `config` FROM `cmf_plugin` WHERE  `name` = 'Qiniu' LIMIT 1 [ RunTime:0.002768s ]
[2024-01-10T15:09:50+08:00][sql] CONNECT:[ UseTime:0.013851s ] mysql:host=127.0.0.1;port=3306;dbname=doukang_live;charset=utf8mb4
[2024-01-10T15:09:50+08:00][sql] SHOW FULL COLUMNS FROM `cmf_hook` [ RunTime:0.022087s ]
[2024-01-10T15:09:50+08:00][sql] SELECT `hook`,`id` FROM `cmf_hook` WHERE  (  (  `app` = '' OR `app` = 'cmf' )  AND `type` = 3 ) OR `type` = 1 [ RunTime:0.002996s ]
[2024-01-10T15:09:50+08:00][sql] SHOW FULL COLUMNS FROM `cmf_hook_plugin` [ RunTime:0.006570s ]
[2024-01-10T15:09:50+08:00][sql] SELECT `hook`,`plugin` FROM `cmf_hook_plugin` WHERE  `status` = 1  AND `hook` IN ('app_begin','module_init','action_begin','view_filter','app_end','log_write','response_end','admin_init','home_init','send_mobile_verification_code','body_start','before_head_end','footer_start','before_footer','before_footer_end','before_body_end','left_sidebar_start','before_left_sidebar_end','right_sidebar_start','before_right_sidebar_end','comment','guestbook','switch_theme','after_content','before_content','log_write_done','switch_admin_theme','captcha_image') ORDER BY `list_order` ASC [ RunTime:0.002503s ]
[2024-01-10T15:09:50+08:00][sql] SHOW FULL COLUMNS FROM `cmf_plugin` [ RunTime:0.007164s ]
[2024-01-10T15:09:50+08:00][sql] SELECT `config` FROM `cmf_plugin` WHERE  `name` = 'Qiniu' LIMIT 1 [ RunTime:0.001783s ]
[2024-01-10T15:10:37+08:00][sql] CONNECT:[ UseTime:0.025518s ] mysql:host=127.0.0.1;port=3306;dbname=doukang_live;charset=utf8mb4
[2024-01-10T15:10:37+08:00][sql] SHOW FULL COLUMNS FROM `cmf_hook` [ RunTime:0.017273s ]
[2024-01-10T15:10:37+08:00][sql] SELECT `hook`,`id` FROM `cmf_hook` WHERE  (  (  `app` = '' OR `app` = 'cmf' )  AND `type` = 3 ) OR `type` = 1 [ RunTime:0.003161s ]
[2024-01-10T15:10:37+08:00][sql] SHOW FULL COLUMNS FROM `cmf_hook_plugin` [ RunTime:0.006148s ]
[2024-01-10T15:10:37+08:00][sql] SELECT `hook`,`plugin` FROM `cmf_hook_plugin` WHERE  `status` = 1  AND `hook` IN ('app_begin','module_init','action_begin','view_filter','app_end','log_write','response_end','admin_init','home_init','send_mobile_verification_code','body_start','before_head_end','footer_start','before_footer','before_footer_end','before_body_end','left_sidebar_start','before_left_sidebar_end','right_sidebar_start','before_right_sidebar_end','comment','guestbook','switch_theme','after_content','before_content','log_write_done','switch_admin_theme','captcha_image') ORDER BY `list_order` ASC [ RunTime:0.002583s ]
[2024-01-10T15:10:37+08:00][sql] SHOW FULL COLUMNS FROM `cmf_plugin` [ RunTime:0.007727s ]
[2024-01-10T15:10:37+08:00][sql] SELECT `config` FROM `cmf_plugin` WHERE  `name` = 'Qiniu' LIMIT 1 [ RunTime:0.003393s ]
